<?xml version="1.0" encoding="UTF-8"?>
<testsuite name="com.phonebook.tests.AddContactTests" tests="8" skipped="0" failures="0" errors="0" timestamp="2025-07-04T10:45:13" hostname="WINDOWS-5CUU06H" time="110.699">
  <properties/>
  <testcase name="addContactPositiveFromDataProviderTest[0](Sophie, Smith, 0123456789, sophie@gmail.com, Berlin, QA)" classname="com.phonebook.tests.AddContactTests" time="4.852"/>
  <testcase name="addContactPositiveFromDataProviderTest[1](Sophie, Smith, 01234567891, sophie@gmail.com, Berlin, QA)" classname="com.phonebook.tests.AddContactTests" time="3.171"/>
  <testcase name="addContactPositiveFromDataProviderTest[2](Sophie, Smith, 0123456789111, sophie@gmail.com, Berlin, QA)" classname="com.phonebook.tests.AddContactTests" time="2.864"/>
  <testcase name="addContactPositiveFromDataProviderWithCsvFileTest[0](Contact{name='Oliver', phone='1234567890'})" classname="com.phonebook.tests.AddContactTests" time="3.057"/>
  <testcase name="addContactPositiveFromDataProviderWithCsvFileTest[1](Contact{name='Alina', phone='123456789011'})" classname="com.phonebook.tests.AddContactTests" time="3.725"/>
  <testcase name="addContactPositiveFromDataProviderWithCsvFileTest[2](Contact{name='Sam', phone='1234567890123'})" classname="com.phonebook.tests.AddContactTests" time="3.833"/>
  <testcase name="addContactPositiveFromDataProviderWithCsvFileTest[3](Contact{name='Liam', phone='1234567890124'})" classname="com.phonebook.tests.AddContactTests" time="3.318"/>
  <testcase name="addContactPositiveTest" classname="com.phonebook.tests.AddContactTests" time="3.425"/>
  <system-out><![CDATA[12:45:11.820 [Test worker] INFO  com.phonebook.tests.TestBase -- Start test: addContactPositiveFromDataProviderTest[Sophie, Smith, 0123456789, sophie@gmail.com, Berlin, QA]
12:45:11.825 [Test worker] INFO  com.phonebook.utils.MyListener -- Before Find ElementsBy.cssSelector: [href='/login']
12:45:11.826 [Test worker] INFO  com.phonebook.utils.MyListener -- *********************************
12:45:11.910 [Test worker] INFO  com.phonebook.utils.MyListener -- List size is 1
12:45:11.911 [Test worker] INFO  com.phonebook.utils.MyListener -- *********************************
12:45:11.913 [Test worker] INFO  com.phonebook.utils.MyListener -- The locator will find By.cssSelector: [href='/login']
12:45:11.913 [Test worker] INFO  com.phonebook.utils.MyListener -- *********************************
12:45:11.969 [Test worker] INFO  com.phonebook.utils.MyListener -- The locator is By.cssSelector: [href='/login']
12:45:11.970 [Test worker] INFO  com.phonebook.utils.MyListener -- *********************************
12:45:12.220 [Test worker] INFO  com.phonebook.utils.MyListener -- The locator will find By.name: email
12:45:12.221 [Test worker] INFO  com.phonebook.utils.MyListener -- *********************************
12:45:12.295 [Test worker] INFO  com.phonebook.utils.MyListener -- The locator is By.name: email
12:45:12.296 [Test worker] INFO  com.phonebook.utils.MyListener -- *********************************
12:45:12.479 [Test worker] INFO  com.phonebook.utils.MyListener -- The locator will find By.name: email
12:45:12.479 [Test worker] INFO  com.phonebook.utils.MyListener -- *********************************
12:45:12.532 [Test worker] INFO  com.phonebook.utils.MyListener -- The locator is By.name: email
12:45:12.533 [Test worker] INFO  com.phonebook.utils.MyListener -- *********************************
12:45:12.619 [Test worker] INFO  com.phonebook.utils.MyListener -- The locator will find By.name: email
12:45:12.619 [Test worker] INFO  com.phonebook.utils.MyListener -- *********************************
12:45:12.677 [Test worker] INFO  com.phonebook.utils.MyListener -- The locator is By.name: email
12:45:12.677 [Test worker] INFO  com.phonebook.utils.MyListener -- *********************************
12:45:12.975 [Test worker] INFO  com.phonebook.utils.MyListener -- The locator will find By.name: password
12:45:12.977 [Test worker] INFO  com.phonebook.utils.MyListener -- *********************************
12:45:13.053 [Test worker] INFO  com.phonebook.utils.MyListener -- The locator is By.name: password
12:45:13.054 [Test worker] INFO  com.phonebook.utils.MyListener -- *********************************
12:45:13.221 [Test worker] INFO  com.phonebook.utils.MyListener -- The locator will find By.name: password
12:45:13.221 [Test worker] INFO  com.phonebook.utils.MyListener -- *********************************
12:45:13.276 [Test worker] INFO  com.phonebook.utils.MyListener -- The locator is By.name: password
12:45:13.276 [Test worker] INFO  com.phonebook.utils.MyListener -- *********************************
12:45:13.356 [Test worker] INFO  com.phonebook.utils.MyListener -- The locator will find By.name: password
12:45:13.357 [Test worker] INFO  com.phonebook.utils.MyListener -- *********************************
12:45:13.424 [Test worker] INFO  com.phonebook.utils.MyListener -- The locator is By.name: password
12:45:13.424 [Test worker] INFO  com.phonebook.utils.MyListener -- *********************************
12:45:13.550 [Test worker] INFO  com.phonebook.utils.MyListener -- The locator will find By.name: login
12:45:13.551 [Test worker] INFO  com.phonebook.utils.MyListener -- *********************************
12:45:13.627 [Test worker] INFO  com.phonebook.utils.MyListener -- The locator is By.name: login
12:45:13.627 [Test worker] INFO  com.phonebook.utils.MyListener -- *********************************
12:45:13.807 [Test worker] INFO  com.phonebook.utils.MyListener -- The locator will find By.cssSelector: [href='/add']
12:45:13.808 [Test worker] INFO  com.phonebook.utils.MyListener -- *********************************
12:45:15.080 [Test worker] INFO  com.phonebook.utils.MyListener -- The locator is By.cssSelector: [href='/add']
12:45:15.080 [Test worker] INFO  com.phonebook.utils.MyListener -- *********************************
12:45:15.294 [Test worker] INFO  com.phonebook.utils.MyListener -- The locator will find By.cssSelector: input:nth-child(1)
12:45:15.295 [Test worker] INFO  com.phonebook.utils.MyListener -- *********************************
12:45:15.378 [Test worker] INFO  com.phonebook.utils.MyListener -- The locator is By.cssSelector: input:nth-child(1)
12:45:15.379 [Test worker] INFO  com.phonebook.utils.MyListener -- *********************************
12:45:15.519 [Test worker] INFO  com.phonebook.utils.MyListener -- The locator will find By.cssSelector: input:nth-child(1)
12:45:15.520 [Test worker] INFO  com.phonebook.utils.MyListener -- *********************************
12:45:15.569 [Test worker] INFO  com.phonebook.utils.MyListener -- The locator is By.cssSelector: input:nth-child(1)
12:45:15.570 [Test worker] INFO  com.phonebook.utils.MyListener -- *********************************
12:45:15.633 [Test worker] INFO  com.phonebook.utils.MyListener -- The locator will find By.cssSelector: input:nth-child(1)
12:45:15.634 [Test worker] INFO  com.phonebook.utils.MyListener -- *********************************
12:45:15.675 [Test worker] INFO  com.phonebook.utils.MyListener -- The locator is By.cssSelector: input:nth-child(1)
12:45:15.676 [Test worker] INFO  com.phonebook.utils.MyListener -- *********************************
12:45:15.746 [Test worker] INFO  com.phonebook.utils.MyListener -- The locator will find By.cssSelector: input:nth-child(2)
12:45:15.748 [Test worker] INFO  com.phonebook.utils.MyListener -- *********************************
12:45:15.793 [Test worker] INFO  com.phonebook.utils.MyListener -- The locator is By.cssSelector: input:nth-child(2)
12:45:15.793 [Test worker] INFO  com.phonebook.utils.MyListener -- *********************************
12:45:15.923 [Test worker] INFO  com.phonebook.utils.MyListener -- The locator will find By.cssSelector: input:nth-child(2)
12:45:15.924 [Test worker] INFO  com.phonebook.utils.MyListener -- *********************************
12:45:15.964 [Test worker] INFO  com.phonebook.utils.MyListener -- The locator is By.cssSelector: input:nth-child(2)
12:45:15.965 [Test worker] INFO  com.phonebook.utils.MyListener -- *********************************
12:45:16.022 [Test worker] INFO  com.phonebook.utils.MyListener -- The locator will find By.cssSelector: input:nth-child(2)
12:45:16.023 [Test worker] INFO  com.phonebook.utils.MyListener -- *********************************
12:45:16.062 [Test worker] INFO  com.phonebook.utils.MyListener -- The locator is By.cssSelector: input:nth-child(2)
12:45:16.062 [Test worker] INFO  com.phonebook.utils.MyListener -- *********************************
12:45:16.129 [Test worker] INFO  com.phonebook.utils.MyListener -- The locator will find By.cssSelector: input:nth-child(3)
12:45:16.130 [Test worker] INFO  com.phonebook.utils.MyListener -- *********************************
12:45:16.174 [Test worker] INFO  com.phonebook.utils.MyListener -- The locator is By.cssSelector: input:nth-child(3)
12:45:16.175 [Test worker] INFO  com.phonebook.utils.MyListener -- *********************************
12:45:16.316 [Test worker] INFO  com.phonebook.utils.MyListener -- The locator will find By.cssSelector: input:nth-child(3)
12:45:16.317 [Test worker] INFO  com.phonebook.utils.MyListener -- *********************************
12:45:16.352 [Test worker] INFO  com.phonebook.utils.MyListener -- The locator is By.cssSelector: input:nth-child(3)
12:45:16.353 [Test worker] INFO  com.phonebook.utils.MyListener -- *********************************
12:45:16.405 [Test worker] INFO  com.phonebook.utils.MyListener -- The locator will find By.cssSelector: input:nth-child(3)
12:45:16.406 [Test worker] INFO  com.phonebook.utils.MyListener -- *********************************
12:45:16.445 [Test worker] INFO  com.phonebook.utils.MyListener -- The locator is By.cssSelector: input:nth-child(3)
12:45:16.446 [Test worker] INFO  com.phonebook.utils.MyListener -- *********************************
12:45:16.513 [Test worker] INFO  com.phonebook.utils.MyListener -- The locator will find By.cssSelector: input:nth-child(4)
12:45:16.514 [Test worker] INFO  com.phonebook.utils.MyListener -- *********************************
12:45:16.557 [Test worker] INFO  com.phonebook.utils.MyListener -- The locator is By.cssSelector: input:nth-child(4)
12:45:16.557 [Test worker] INFO  com.phonebook.utils.MyListener -- *********************************
12:45:16.666 [Test worker] INFO  com.phonebook.utils.MyListener -- The locator will find By.cssSelector: input:nth-child(4)
12:45:16.668 [Test worker] INFO  com.phonebook.utils.MyListener -- *********************************
12:45:16.701 [Test worker] INFO  com.phonebook.utils.MyListener -- The locator is By.cssSelector: input:nth-child(4)
12:45:16.702 [Test worker] INFO  com.phonebook.utils.MyListener -- *********************************
12:45:16.753 [Test worker] INFO  com.phonebook.utils.MyListener -- The locator will find By.cssSelector: input:nth-child(4)
12:45:16.753 [Test worker] INFO  com.phonebook.utils.MyListener -- *********************************
12:45:16.788 [Test worker] INFO  com.phonebook.utils.MyListener -- The locator is By.cssSelector: input:nth-child(4)
12:45:16.789 [Test worker] INFO  com.phonebook.utils.MyListener -- *********************************
12:45:16.864 [Test worker] INFO  com.phonebook.utils.MyListener -- The locator will find By.cssSelector: input:nth-child(5)
12:45:16.864 [Test worker] INFO  com.phonebook.utils.MyListener -- *********************************
12:45:16.904 [Test worker] INFO  com.phonebook.utils.MyListener -- The locator is By.cssSelector: input:nth-child(5)
12:45:16.906 [Test worker] INFO  com.phonebook.utils.MyListener -- *********************************
12:45:17.017 [Test worker] INFO  com.phonebook.utils.MyListener -- The locator will find By.cssSelector: input:nth-child(5)
12:45:17.018 [Test worker] INFO  com.phonebook.utils.MyListener -- *********************************
12:45:17.052 [Test worker] INFO  com.phonebook.utils.MyListener -- The locator is By.cssSelector: input:nth-child(5)
12:45:17.053 [Test worker] INFO  com.phonebook.utils.MyListener -- *********************************
12:45:17.109 [Test worker] INFO  com.phonebook.utils.MyListener -- The locator will find By.cssSelector: input:nth-child(5)
12:45:17.109 [Test worker] INFO  com.phonebook.utils.MyListener -- *********************************
12:45:17.141 [Test worker] INFO  com.phonebook.utils.MyListener -- The locator is By.cssSelector: input:nth-child(5)
12:45:17.141 [Test worker] INFO  com.phonebook.utils.MyListener -- *********************************
12:45:17.214 [Test worker] INFO  com.phonebook.utils.MyListener -- The locator will find By.cssSelector: input:nth-child(6)
12:45:17.214 [Test worker] INFO  com.phonebook.utils.MyListener -- *********************************
12:45:17.261 [Test worker] INFO  com.phonebook.utils.MyListener -- The locator is By.cssSelector: input:nth-child(6)
12:45:17.261 [Test worker] INFO  com.phonebook.utils.MyListener -- *********************************
12:45:17.378 [Test worker] INFO  com.phonebook.utils.MyListener -- The locator will find By.cssSelector: input:nth-child(6)
12:45:17.379 [Test worker] INFO  com.phonebook.utils.MyListener -- *********************************
12:45:17.420 [Test worker] INFO  com.phonebook.utils.MyListener -- The locator is By.cssSelector: input:nth-child(6)
12:45:17.420 [Test worker] INFO  com.phonebook.utils.MyListener -- *********************************
12:45:17.476 [Test worker] INFO  com.phonebook.utils.MyListener -- The locator will find By.cssSelector: input:nth-child(6)
12:45:17.477 [Test worker] INFO  com.phonebook.utils.MyListener -- *********************************
12:45:17.509 [Test worker] INFO  com.phonebook.utils.MyListener -- The locator is By.cssSelector: input:nth-child(6)
12:45:17.510 [Test worker] INFO  com.phonebook.utils.MyListener -- *********************************
12:45:17.569 [Test worker] INFO  com.phonebook.utils.MyListener -- The locator will find By.cssSelector: .add_form__2rsm2 button
12:45:17.569 [Test worker] INFO  com.phonebook.utils.MyListener -- *********************************
12:45:17.602 [Test worker] INFO  com.phonebook.utils.MyListener -- The locator is By.cssSelector: .add_form__2rsm2 button
12:45:17.603 [Test worker] INFO  com.phonebook.utils.MyListener -- *********************************
12:45:17.717 [Test worker] INFO  com.phonebook.utils.MyListener -- Before Find ElementsBy.cssSelector: h2
12:45:17.718 [Test worker] INFO  com.phonebook.utils.MyListener -- *********************************
12:45:18.528 [Test worker] INFO  com.phonebook.utils.MyListener -- List size is 6
12:45:18.529 [Test worker] INFO  com.phonebook.utils.MyListener -- *********************************
12:45:18.662 [Test worker] INFO  com.phonebook.utils.MyListener -- The locator will find By.cssSelector: .contact-item_card__2SOIM
12:45:18.663 [Test worker] INFO  com.phonebook.utils.MyListener -- *********************************
12:45:18.706 [Test worker] INFO  com.phonebook.utils.MyListener -- The locator is By.cssSelector: .contact-item_card__2SOIM
12:45:18.706 [Test worker] INFO  com.phonebook.utils.MyListener -- *********************************
12:45:18.913 [Test worker] INFO  com.phonebook.utils.MyListener -- The locator will find By.xpath: //button[.='Remove']
12:45:18.914 [Test worker] INFO  com.phonebook.utils.MyListener -- *********************************
12:45:18.967 [Test worker] INFO  com.phonebook.utils.MyListener -- The locator is By.xpath: //button[.='Remove']
12:45:18.968 [Test worker] INFO  com.phonebook.utils.MyListener -- *********************************
12:45:19.113 [Test worker] INFO  com.phonebook.tests.TestBase -- PASSED: addContactPositiveFromDataProviderTest
12:45:19.114 [Test worker] INFO  com.phonebook.tests.TestBase -- Stop test
12:45:19.114 [Test worker] INFO  com.phonebook.tests.TestBase -- =====================================================
12:45:19.117 [Test worker] INFO  com.phonebook.tests.TestBase -- Start test: addContactPositiveFromDataProviderTest[Sophie, Smith, 01234567891, sophie@gmail.com, Berlin, QA]
12:45:19.120 [Test worker] INFO  com.phonebook.utils.MyListener -- Before Find ElementsBy.cssSelector: [href='/login']
12:45:19.121 [Test worker] INFO  com.phonebook.utils.MyListener -- *********************************
12:45:29.178 [Test worker] INFO  com.phonebook.utils.MyListener -- List size is 0
12:45:29.179 [Test worker] INFO  com.phonebook.utils.MyListener -- *********************************
12:45:29.179 [Test worker] INFO  com.phonebook.utils.MyListener -- The locator will find By.xpath: //button[.='Sign Out']
12:45:29.179 [Test worker] INFO  com.phonebook.utils.MyListener -- *********************************
12:45:29.227 [Test worker] INFO  com.phonebook.utils.MyListener -- The locator is By.xpath: //button[.='Sign Out']
12:45:29.228 [Test worker] INFO  com.phonebook.utils.MyListener -- *********************************
12:45:29.402 [Test worker] INFO  com.phonebook.utils.MyListener -- The locator will find By.cssSelector: [href='/login']
12:45:29.403 [Test worker] INFO  com.phonebook.utils.MyListener -- *********************************
12:45:29.445 [Test worker] INFO  com.phonebook.utils.MyListener -- The locator is By.cssSelector: [href='/login']
12:45:29.446 [Test worker] INFO  com.phonebook.utils.MyListener -- *********************************
12:45:29.584 [Test worker] INFO  com.phonebook.utils.MyListener -- The locator will find By.name: email
12:45:29.585 [Test worker] INFO  com.phonebook.utils.MyListener -- *********************************
12:45:29.619 [Test worker] INFO  com.phonebook.utils.MyListener -- The locator is By.name: email
12:45:29.620 [Test worker] INFO  com.phonebook.utils.MyListener -- *********************************
12:45:29.739 [Test worker] INFO  com.phonebook.utils.MyListener -- The locator will find By.name: email
12:45:29.739 [Test worker] INFO  com.phonebook.utils.MyListener -- *********************************
12:45:29.796 [Test worker] INFO  com.phonebook.utils.MyListener -- The locator is By.name: email
12:45:29.798 [Test worker] INFO  com.phonebook.utils.MyListener -- *********************************
12:45:29.856 [Test worker] INFO  com.phonebook.utils.MyListener -- The locator will find By.name: email
12:45:29.856 [Test worker] INFO  com.phonebook.utils.MyListener -- *********************************
12:45:29.896 [Test worker] INFO  com.phonebook.utils.MyListener -- The locator is By.name: email
12:45:29.896 [Test worker] INFO  com.phonebook.utils.MyListener -- *********************************
12:45:30.070 [Test worker] INFO  com.phonebook.utils.MyListener -- The locator will find By.name: password
12:45:30.072 [Test worker] INFO  com.phonebook.utils.MyListener -- *********************************
12:45:30.112 [Test worker] INFO  com.phonebook.utils.MyListener -- The locator is By.name: password
12:45:30.113 [Test worker] INFO  com.phonebook.utils.MyListener -- *********************************
12:45:30.281 [Test worker] INFO  com.phonebook.utils.MyListener -- The locator will find By.name: password
12:45:30.282 [Test worker] INFO  com.phonebook.utils.MyListener -- *********************************
12:45:30.314 [Test worker] INFO  com.phonebook.utils.MyListener -- The locator is By.name: password
12:45:30.314 [Test worker] INFO  com.phonebook.utils.MyListener -- *********************************
12:45:30.381 [Test worker] INFO  com.phonebook.utils.MyListener -- The locator will find By.name: password
12:45:30.381 [Test worker] INFO  com.phonebook.utils.MyListener -- *********************************
12:45:30.414 [Test worker] INFO  com.phonebook.utils.MyListener -- The locator is By.name: password
12:45:30.415 [Test worker] INFO  com.phonebook.utils.MyListener -- *********************************
12:45:30.496 [Test worker] INFO  com.phonebook.utils.MyListener -- The locator will find By.name: login
12:45:30.497 [Test worker] INFO  com.phonebook.utils.MyListener -- *********************************
12:45:30.539 [Test worker] INFO  com.phonebook.utils.MyListener -- The locator is By.name: login
12:45:30.540 [Test worker] INFO  com.phonebook.utils.MyListener -- *********************************
12:45:30.657 [Test worker] INFO  com.phonebook.utils.MyListener -- The locator will find By.cssSelector: [href='/add']
12:45:30.657 [Test worker] INFO  com.phonebook.utils.MyListener -- *********************************
12:45:30.979 [Test worker] INFO  com.phonebook.utils.MyListener -- The locator is By.cssSelector: [href='/add']
12:45:30.980 [Test worker] INFO  com.phonebook.utils.MyListener -- *********************************
12:45:31.097 [Test worker] INFO  com.phonebook.utils.MyListener -- The locator will find By.cssSelector: input:nth-child(1)
12:45:31.097 [Test worker] INFO  com.phonebook.utils.MyListener -- *********************************
12:45:31.130 [Test worker] INFO  com.phonebook.utils.MyListener -- The locator is By.cssSelector: input:nth-child(1)
12:45:31.130 [Test worker] INFO  com.phonebook.utils.MyListener -- *********************************
12:45:31.246 [Test worker] INFO  com.phonebook.utils.MyListener -- The locator will find By.cssSelector: input:nth-child(1)
12:45:31.246 [Test worker] INFO  com.phonebook.utils.MyListener -- *********************************
12:45:31.280 [Test worker] INFO  com.phonebook.utils.MyListener -- The locator is By.cssSelector: input:nth-child(1)
12:45:31.280 [Test worker] INFO  com.phonebook.utils.MyListener -- *********************************
12:45:31.333 [Test worker] INFO  com.phonebook.utils.MyListener -- The locator will find By.cssSelector: input:nth-child(1)
12:45:31.333 [Test worker] INFO  com.phonebook.utils.MyListener -- *********************************
12:45:31.368 [Test worker] INFO  com.phonebook.utils.MyListener -- The locator is By.cssSelector: input:nth-child(1)
12:45:31.370 [Test worker] INFO  com.phonebook.utils.MyListener -- *********************************
12:45:31.433 [Test worker] INFO  com.phonebook.utils.MyListener -- The locator will find By.cssSelector: input:nth-child(2)
12:45:31.433 [Test worker] INFO  com.phonebook.utils.MyListener -- *********************************
12:45:31.469 [Test worker] INFO  com.phonebook.utils.MyListener -- The locator is By.cssSelector: input:nth-child(2)
12:45:31.471 [Test worker] INFO  com.phonebook.utils.MyListener -- *********************************
12:45:31.576 [Test worker] INFO  com.phonebook.utils.MyListener -- The locator will find By.cssSelector: input:nth-child(2)
12:45:31.576 [Test worker] INFO  com.phonebook.utils.MyListener -- *********************************
12:45:31.605 [Test worker] INFO  com.phonebook.utils.MyListener -- The locator is By.cssSelector: input:nth-child(2)
12:45:31.607 [Test worker] INFO  com.phonebook.utils.MyListener -- *********************************
12:45:31.657 [Test worker] INFO  com.phonebook.utils.MyListener -- The locator will find By.cssSelector: input:nth-child(2)
12:45:31.657 [Test worker] INFO  com.phonebook.utils.MyListener -- *********************************
12:45:31.685 [Test worker] INFO  com.phonebook.utils.MyListener -- The locator is By.cssSelector: input:nth-child(2)
12:45:31.685 [Test worker] INFO  com.phonebook.utils.MyListener -- *********************************
12:45:31.747 [Test worker] INFO  com.phonebook.utils.MyListener -- The locator will find By.cssSelector: input:nth-child(3)
12:45:31.747 [Test worker] INFO  com.phonebook.utils.MyListener -- *********************************
12:45:31.775 [Test worker] INFO  com.phonebook.utils.MyListener -- The locator is By.cssSelector: input:nth-child(3)
12:45:31.776 [Test worker] INFO  com.phonebook.utils.MyListener -- *********************************
12:45:31.892 [Test worker] INFO  com.phonebook.utils.MyListener -- The locator will find By.cssSelector: input:nth-child(3)
12:45:31.893 [Test worker] INFO  com.phonebook.utils.MyListener -- *********************************
12:45:31.925 [Test worker] INFO  com.phonebook.utils.MyListener -- The locator is By.cssSelector: input:nth-child(3)
12:45:31.925 [Test worker] INFO  com.phonebook.utils.MyListener -- *********************************
12:45:31.978 [Test worker] INFO  com.phonebook.utils.MyListener -- The locator will find By.cssSelector: input:nth-child(3)
12:45:31.979 [Test worker] INFO  com.phonebook.utils.MyListener -- *********************************
12:45:32.009 [Test worker] INFO  com.phonebook.utils.MyListener -- The locator is By.cssSelector: input:nth-child(3)
12:45:32.009 [Test worker] INFO  com.phonebook.utils.MyListener -- *********************************
12:45:32.074 [Test worker] INFO  com.phonebook.utils.MyListener -- The locator will find By.cssSelector: input:nth-child(4)
12:45:32.074 [Test worker] INFO  com.phonebook.utils.MyListener -- *********************************
12:45:32.106 [Test worker] INFO  com.phonebook.utils.MyListener -- The locator is By.cssSelector: input:nth-child(4)
12:45:32.106 [Test worker] INFO  com.phonebook.utils.MyListener -- *********************************
12:45:32.218 [Test worker] INFO  com.phonebook.utils.MyListener -- The locator will find By.cssSelector: input:nth-child(4)
12:45:32.218 [Test worker] INFO  com.phonebook.utils.MyListener -- *********************************
12:45:32.256 [Test worker] INFO  com.phonebook.utils.MyListener -- The locator is By.cssSelector: input:nth-child(4)
12:45:32.257 [Test worker] INFO  com.phonebook.utils.MyListener -- *********************************
12:45:32.313 [Test worker] INFO  com.phonebook.utils.MyListener -- The locator will find By.cssSelector: input:nth-child(4)
12:45:32.313 [Test worker] INFO  com.phonebook.utils.MyListener -- *********************************
12:45:32.353 [Test worker] INFO  com.phonebook.utils.MyListener -- The locator is By.cssSelector: input:nth-child(4)
12:45:32.354 [Test worker] INFO  com.phonebook.utils.MyListener -- *********************************
12:45:32.430 [Test worker] INFO  com.phonebook.utils.MyListener -- The locator will find By.cssSelector: input:nth-child(5)
12:45:32.430 [Test worker] INFO  com.phonebook.utils.MyListener -- *********************************
12:45:32.458 [Test worker] INFO  com.phonebook.utils.MyListener -- The locator is By.cssSelector: input:nth-child(5)
12:45:32.459 [Test worker] INFO  com.phonebook.utils.MyListener -- *********************************
12:45:32.569 [Test worker] INFO  com.phonebook.utils.MyListener -- The locator will find By.cssSelector: input:nth-child(5)
12:45:32.569 [Test worker] INFO  com.phonebook.utils.MyListener -- *********************************
12:45:32.599 [Test worker] INFO  com.phonebook.utils.MyListener -- The locator is By.cssSelector: input:nth-child(5)
12:45:32.599 [Test worker] INFO  com.phonebook.utils.MyListener -- *********************************
12:45:32.646 [Test worker] INFO  com.phonebook.utils.MyListener -- The locator will find By.cssSelector: input:nth-child(5)
12:45:32.648 [Test worker] INFO  com.phonebook.utils.MyListener -- *********************************
12:45:32.676 [Test worker] INFO  com.phonebook.utils.MyListener -- The locator is By.cssSelector: input:nth-child(5)
12:45:32.677 [Test worker] INFO  com.phonebook.utils.MyListener -- *********************************
12:45:32.731 [Test worker] INFO  com.phonebook.utils.MyListener -- The locator will find By.cssSelector: input:nth-child(6)
12:45:32.731 [Test worker] INFO  com.phonebook.utils.MyListener -- *********************************
12:45:32.761 [Test worker] INFO  com.phonebook.utils.MyListener -- The locator is By.cssSelector: input:nth-child(6)
12:45:32.762 [Test worker] INFO  com.phonebook.utils.MyListener -- *********************************
12:45:32.864 [Test worker] INFO  com.phonebook.utils.MyListener -- The locator will find By.cssSelector: input:nth-child(6)
12:45:32.864 [Test worker] INFO  com.phonebook.utils.MyListener -- *********************************
12:45:32.892 [Test worker] INFO  com.phonebook.utils.MyListener -- The locator is By.cssSelector: input:nth-child(6)
12:45:32.892 [Test worker] INFO  com.phonebook.utils.MyListener -- *********************************
12:45:32.944 [Test worker] INFO  com.phonebook.utils.MyListener -- The locator will find By.cssSelector: input:nth-child(6)
12:45:32.944 [Test worker] INFO  com.phonebook.utils.MyListener -- *********************************
12:45:32.975 [Test worker] INFO  com.phonebook.utils.MyListener -- The locator is By.cssSelector: input:nth-child(6)
12:45:32.975 [Test worker] INFO  com.phonebook.utils.MyListener -- *********************************
12:45:33.033 [Test worker] INFO  com.phonebook.utils.MyListener -- The locator will find By.cssSelector: .add_form__2rsm2 button
12:45:33.034 [Test worker] INFO  com.phonebook.utils.MyListener -- *********************************
12:45:33.069 [Test worker] INFO  com.phonebook.utils.MyListener -- The locator is By.cssSelector: .add_form__2rsm2 button
12:45:33.069 [Test worker] INFO  com.phonebook.utils.MyListener -- *********************************
12:45:33.168 [Test worker] INFO  com.phonebook.utils.MyListener -- Before Find ElementsBy.cssSelector: h2
12:45:33.169 [Test worker] INFO  com.phonebook.utils.MyListener -- *********************************
12:45:33.723 [Test worker] INFO  com.phonebook.utils.MyListener -- List size is 6
12:45:33.723 [Test worker] INFO  com.phonebook.utils.MyListener -- *********************************
12:45:33.828 [Test worker] INFO  com.phonebook.utils.MyListener -- The locator will find By.cssSelector: .contact-item_card__2SOIM
12:45:33.828 [Test worker] INFO  com.phonebook.utils.MyListener -- *********************************
12:45:33.852 [Test worker] INFO  com.phonebook.utils.MyListener -- The locator is By.cssSelector: .contact-item_card__2SOIM
12:45:33.852 [Test worker] INFO  com.phonebook.utils.MyListener -- *********************************
12:45:33.943 [Test worker] INFO  com.phonebook.utils.MyListener -- The locator will find By.xpath: //button[.='Remove']
12:45:33.945 [Test worker] INFO  com.phonebook.utils.MyListener -- *********************************
12:45:33.973 [Test worker] INFO  com.phonebook.utils.MyListener -- The locator is By.xpath: //button[.='Remove']
12:45:33.973 [Test worker] INFO  com.phonebook.utils.MyListener -- *********************************
12:45:34.056 [Test worker] INFO  com.phonebook.tests.TestBase -- PASSED: addContactPositiveFromDataProviderTest
12:45:34.057 [Test worker] INFO  com.phonebook.tests.TestBase -- Stop test
12:45:34.057 [Test worker] INFO  com.phonebook.tests.TestBase -- =====================================================
12:45:34.058 [Test worker] INFO  com.phonebook.tests.TestBase -- Start test: addContactPositiveFromDataProviderTest[Sophie, Smith, 0123456789111, sophie@gmail.com, Berlin, QA]
12:45:34.058 [Test worker] INFO  com.phonebook.utils.MyListener -- Before Find ElementsBy.cssSelector: [href='/login']
12:45:34.060 [Test worker] INFO  com.phonebook.utils.MyListener -- *********************************
12:45:44.095 [Test worker] INFO  com.phonebook.utils.MyListener -- List size is 0
12:45:44.095 [Test worker] INFO  com.phonebook.utils.MyListener -- *********************************
12:45:44.095 [Test worker] INFO  com.phonebook.utils.MyListener -- The locator will find By.xpath: //button[.='Sign Out']
12:45:44.095 [Test worker] INFO  com.phonebook.utils.MyListener -- *********************************
12:45:44.118 [Test worker] INFO  com.phonebook.utils.MyListener -- The locator is By.xpath: //button[.='Sign Out']
12:45:44.118 [Test worker] INFO  com.phonebook.utils.MyListener -- *********************************
12:45:44.224 [Test worker] INFO  com.phonebook.utils.MyListener -- The locator will find By.cssSelector: [href='/login']
12:45:44.224 [Test worker] INFO  com.phonebook.utils.MyListener -- *********************************
12:45:44.281 [Test worker] INFO  com.phonebook.utils.MyListener -- The locator is By.cssSelector: [href='/login']
12:45:44.281 [Test worker] INFO  com.phonebook.utils.MyListener -- *********************************
12:45:44.379 [Test worker] INFO  com.phonebook.utils.MyListener -- The locator will find By.name: email
12:45:44.379 [Test worker] INFO  com.phonebook.utils.MyListener -- *********************************
12:45:44.401 [Test worker] INFO  com.phonebook.utils.MyListener -- The locator is By.name: email
12:45:44.401 [Test worker] INFO  com.phonebook.utils.MyListener -- *********************************
12:45:44.541 [Test worker] INFO  com.phonebook.utils.MyListener -- The locator will find By.name: email
12:45:44.542 [Test worker] INFO  com.phonebook.utils.MyListener -- *********************************
12:45:44.566 [Test worker] INFO  com.phonebook.utils.MyListener -- The locator is By.name: email
12:45:44.566 [Test worker] INFO  com.phonebook.utils.MyListener -- *********************************
12:45:44.611 [Test worker] INFO  com.phonebook.utils.MyListener -- The locator will find By.name: email
12:45:44.611 [Test worker] INFO  com.phonebook.utils.MyListener -- *********************************
12:45:44.632 [Test worker] INFO  com.phonebook.utils.MyListener -- The locator is By.name: email
12:45:44.633 [Test worker] INFO  com.phonebook.utils.MyListener -- *********************************
12:45:44.700 [Test worker] INFO  com.phonebook.utils.MyListener -- The locator will find By.name: password
12:45:44.701 [Test worker] INFO  com.phonebook.utils.MyListener -- *********************************
12:45:44.726 [Test worker] INFO  com.phonebook.utils.MyListener -- The locator is By.name: password
12:45:44.726 [Test worker] INFO  com.phonebook.utils.MyListener -- *********************************
12:45:44.865 [Test worker] INFO  com.phonebook.utils.MyListener -- The locator will find By.name: password
12:45:44.865 [Test worker] INFO  com.phonebook.utils.MyListener -- *********************************
12:45:44.894 [Test worker] INFO  com.phonebook.utils.MyListener -- The locator is By.name: password
12:45:44.894 [Test worker] INFO  com.phonebook.utils.MyListener -- *********************************
12:45:44.948 [Test worker] INFO  com.phonebook.utils.MyListener -- The locator will find By.name: password
12:45:44.949 [Test worker] INFO  com.phonebook.utils.MyListener -- *********************************
12:45:44.968 [Test worker] INFO  com.phonebook.utils.MyListener -- The locator is By.name: password
12:45:44.968 [Test worker] INFO  com.phonebook.utils.MyListener -- *********************************
12:45:45.030 [Test worker] INFO  com.phonebook.utils.MyListener -- The locator will find By.name: login
12:45:45.030 [Test worker] INFO  com.phonebook.utils.MyListener -- *********************************
12:45:45.058 [Test worker] INFO  com.phonebook.utils.MyListener -- The locator is By.name: login
12:45:45.058 [Test worker] INFO  com.phonebook.utils.MyListener -- *********************************
12:45:45.152 [Test worker] INFO  com.phonebook.utils.MyListener -- The locator will find By.cssSelector: [href='/add']
12:45:45.153 [Test worker] INFO  com.phonebook.utils.MyListener -- *********************************
12:45:45.486 [Test worker] INFO  com.phonebook.utils.MyListener -- The locator is By.cssSelector: [href='/add']
12:45:45.488 [Test worker] INFO  com.phonebook.utils.MyListener -- *********************************
12:45:45.592 [Test worker] INFO  com.phonebook.utils.MyListener -- The locator will find By.cssSelector: input:nth-child(1)
12:45:45.592 [Test worker] INFO  com.phonebook.utils.MyListener -- *********************************
12:45:45.619 [Test worker] INFO  com.phonebook.utils.MyListener -- The locator is By.cssSelector: input:nth-child(1)
12:45:45.620 [Test worker] INFO  com.phonebook.utils.MyListener -- *********************************
12:45:45.724 [Test worker] INFO  com.phonebook.utils.MyListener -- The locator will find By.cssSelector: input:nth-child(1)
12:45:45.725 [Test worker] INFO  com.phonebook.utils.MyListener -- *********************************
12:45:45.749 [Test worker] INFO  com.phonebook.utils.MyListener -- The locator is By.cssSelector: input:nth-child(1)
12:45:45.749 [Test worker] INFO  com.phonebook.utils.MyListener -- *********************************
12:45:45.792 [Test worker] INFO  com.phonebook.utils.MyListener -- The locator will find By.cssSelector: input:nth-child(1)
12:45:45.792 [Test worker] INFO  com.phonebook.utils.MyListener -- *********************************
12:45:45.814 [Test worker] INFO  com.phonebook.utils.MyListener -- The locator is By.cssSelector: input:nth-child(1)
12:45:45.847 [Test worker] INFO  com.phonebook.utils.MyListener -- *********************************
12:45:45.902 [Test worker] INFO  com.phonebook.utils.MyListener -- The locator will find By.cssSelector: input:nth-child(2)
12:45:45.902 [Test worker] INFO  com.phonebook.utils.MyListener -- *********************************
12:45:45.934 [Test worker] INFO  com.phonebook.utils.MyListener -- The locator is By.cssSelector: input:nth-child(2)
12:45:45.934 [Test worker] INFO  com.phonebook.utils.MyListener -- *********************************
12:45:46.033 [Test worker] INFO  com.phonebook.utils.MyListener -- The locator will find By.cssSelector: input:nth-child(2)
12:45:46.033 [Test worker] INFO  com.phonebook.utils.MyListener -- *********************************
12:45:46.056 [Test worker] INFO  com.phonebook.utils.MyListener -- The locator is By.cssSelector: input:nth-child(2)
12:45:46.056 [Test worker] INFO  com.phonebook.utils.MyListener -- *********************************
12:45:46.101 [Test worker] INFO  com.phonebook.utils.MyListener -- The locator will find By.cssSelector: input:nth-child(2)
12:45:46.101 [Test worker] INFO  com.phonebook.utils.MyListener -- *********************************
12:45:46.126 [Test worker] INFO  com.phonebook.utils.MyListener -- The locator is By.cssSelector: input:nth-child(2)
12:45:46.127 [Test worker] INFO  com.phonebook.utils.MyListener -- *********************************
12:45:46.189 [Test worker] INFO  com.phonebook.utils.MyListener -- The locator will find By.cssSelector: input:nth-child(3)
12:45:46.189 [Test worker] INFO  com.phonebook.utils.MyListener -- *********************************
12:45:46.212 [Test worker] INFO  com.phonebook.utils.MyListener -- The locator is By.cssSelector: input:nth-child(3)
12:45:46.212 [Test worker] INFO  com.phonebook.utils.MyListener -- *********************************
12:45:46.308 [Test worker] INFO  com.phonebook.utils.MyListener -- The locator will find By.cssSelector: input:nth-child(3)
12:45:46.308 [Test worker] INFO  com.phonebook.utils.MyListener -- *********************************
12:45:46.332 [Test worker] INFO  com.phonebook.utils.MyListener -- The locator is By.cssSelector: input:nth-child(3)
12:45:46.332 [Test worker] INFO  com.phonebook.utils.MyListener -- *********************************
12:45:46.384 [Test worker] INFO  com.phonebook.utils.MyListener -- The locator will find By.cssSelector: input:nth-child(3)
12:45:46.385 [Test worker] INFO  com.phonebook.utils.MyListener -- *********************************
12:45:46.415 [Test worker] INFO  com.phonebook.utils.MyListener -- The locator is By.cssSelector: input:nth-child(3)
12:45:46.416 [Test worker] INFO  com.phonebook.utils.MyListener -- *********************************
12:45:46.502 [Test worker] INFO  com.phonebook.utils.MyListener -- The locator will find By.cssSelector: input:nth-child(4)
12:45:46.503 [Test worker] INFO  com.phonebook.utils.MyListener -- *********************************
12:45:46.528 [Test worker] INFO  com.phonebook.utils.MyListener -- The locator is By.cssSelector: input:nth-child(4)
12:45:46.529 [Test worker] INFO  com.phonebook.utils.MyListener -- *********************************
12:45:46.623 [Test worker] INFO  com.phonebook.utils.MyListener -- The locator will find By.cssSelector: input:nth-child(4)
12:45:46.623 [Test worker] INFO  com.phonebook.utils.MyListener -- *********************************
12:45:46.643 [Test worker] INFO  com.phonebook.utils.MyListener -- The locator is By.cssSelector: input:nth-child(4)
12:45:46.643 [Test worker] INFO  com.phonebook.utils.MyListener -- *********************************
12:45:46.685 [Test worker] INFO  com.phonebook.utils.MyListener -- The locator will find By.cssSelector: input:nth-child(4)
12:45:46.686 [Test worker] INFO  com.phonebook.utils.MyListener -- *********************************
12:45:46.705 [Test worker] INFO  com.phonebook.utils.MyListener -- The locator is By.cssSelector: input:nth-child(4)
12:45:46.705 [Test worker] INFO  com.phonebook.utils.MyListener -- *********************************
12:45:46.773 [Test worker] INFO  com.phonebook.utils.MyListener -- The locator will find By.cssSelector: input:nth-child(5)
12:45:46.774 [Test worker] INFO  com.phonebook.utils.MyListener -- *********************************
12:45:46.803 [Test worker] INFO  com.phonebook.utils.MyListener -- The locator is By.cssSelector: input:nth-child(5)
12:45:46.803 [Test worker] INFO  com.phonebook.utils.MyListener -- *********************************
12:45:46.897 [Test worker] INFO  com.phonebook.utils.MyListener -- The locator will find By.cssSelector: input:nth-child(5)
12:45:46.897 [Test worker] INFO  com.phonebook.utils.MyListener -- *********************************
12:45:46.920 [Test worker] INFO  com.phonebook.utils.MyListener -- The locator is By.cssSelector: input:nth-child(5)
12:45:46.920 [Test worker] INFO  com.phonebook.utils.MyListener -- *********************************
12:45:46.964 [Test worker] INFO  com.phonebook.utils.MyListener -- The locator will find By.cssSelector: input:nth-child(5)
12:45:46.964 [Test worker] INFO  com.phonebook.utils.MyListener -- *********************************
12:45:46.987 [Test worker] INFO  com.phonebook.utils.MyListener -- The locator is By.cssSelector: input:nth-child(5)
12:45:46.987 [Test worker] INFO  com.phonebook.utils.MyListener -- *********************************
12:45:47.039 [Test worker] INFO  com.phonebook.utils.MyListener -- The locator will find By.cssSelector: input:nth-child(6)
12:45:47.040 [Test worker] INFO  com.phonebook.utils.MyListener -- *********************************
12:45:47.060 [Test worker] INFO  com.phonebook.utils.MyListener -- The locator is By.cssSelector: input:nth-child(6)
12:45:47.060 [Test worker] INFO  com.phonebook.utils.MyListener -- *********************************
12:45:47.155 [Test worker] INFO  com.phonebook.utils.MyListener -- The locator will find By.cssSelector: input:nth-child(6)
12:45:47.156 [Test worker] INFO  com.phonebook.utils.MyListener -- *********************************
12:45:47.182 [Test worker] INFO  com.phonebook.utils.MyListener -- The locator is By.cssSelector: input:nth-child(6)
12:45:47.217 [Test worker] INFO  com.phonebook.utils.MyListener -- *********************************
12:45:47.270 [Test worker] INFO  com.phonebook.utils.MyListener -- The locator will find By.cssSelector: input:nth-child(6)
12:45:47.270 [Test worker] INFO  com.phonebook.utils.MyListener -- *********************************
12:45:47.293 [Test worker] INFO  com.phonebook.utils.MyListener -- The locator is By.cssSelector: input:nth-child(6)
12:45:47.293 [Test worker] INFO  com.phonebook.utils.MyListener -- *********************************
12:45:47.339 [Test worker] INFO  com.phonebook.utils.MyListener -- The locator will find By.cssSelector: .add_form__2rsm2 button
12:45:47.340 [Test worker] INFO  com.phonebook.utils.MyListener -- *********************************
12:45:47.361 [Test worker] INFO  com.phonebook.utils.MyListener -- The locator is By.cssSelector: .add_form__2rsm2 button
12:45:47.361 [Test worker] INFO  com.phonebook.utils.MyListener -- *********************************
12:45:47.446 [Test worker] INFO  com.phonebook.utils.MyListener -- Before Find ElementsBy.cssSelector: h2
12:45:47.447 [Test worker] INFO  com.phonebook.utils.MyListener -- *********************************
12:45:47.946 [Test worker] INFO  com.phonebook.utils.MyListener -- List size is 6
12:45:47.946 [Test worker] INFO  com.phonebook.utils.MyListener -- *********************************
12:45:48.017 [Test worker] INFO  com.phonebook.utils.MyListener -- The locator will find By.cssSelector: .contact-item_card__2SOIM
12:45:48.017 [Test worker] INFO  com.phonebook.utils.MyListener -- *********************************
12:45:48.041 [Test worker] INFO  com.phonebook.utils.MyListener -- The locator is By.cssSelector: .contact-item_card__2SOIM
12:45:48.041 [Test worker] INFO  com.phonebook.utils.MyListener -- *********************************
12:45:48.148 [Test worker] INFO  com.phonebook.utils.MyListener -- The locator will find By.xpath: //button[.='Remove']
12:45:48.148 [Test worker] INFO  com.phonebook.utils.MyListener -- *********************************
12:45:48.174 [Test worker] INFO  com.phonebook.utils.MyListener -- The locator is By.xpath: //button[.='Remove']
12:45:48.174 [Test worker] INFO  com.phonebook.utils.MyListener -- *********************************
12:45:48.277 [Test worker] INFO  com.phonebook.tests.TestBase -- PASSED: addContactPositiveFromDataProviderTest
12:45:48.277 [Test worker] INFO  com.phonebook.tests.TestBase -- Stop test
12:45:48.277 [Test worker] INFO  com.phonebook.tests.TestBase -- =====================================================
12:45:48.284 [Test worker] INFO  com.phonebook.tests.TestBase -- Start test: addContactPositiveFromDataProviderWithCsvFileTest[Contact{name='Oliver', phone='1234567890'}]
12:45:48.285 [Test worker] INFO  com.phonebook.utils.MyListener -- Before Find ElementsBy.cssSelector: [href='/login']
12:45:48.285 [Test worker] INFO  com.phonebook.utils.MyListener -- *********************************
12:45:58.316 [Test worker] INFO  com.phonebook.utils.MyListener -- List size is 0
12:45:58.317 [Test worker] INFO  com.phonebook.utils.MyListener -- *********************************
12:45:58.317 [Test worker] INFO  com.phonebook.utils.MyListener -- The locator will find By.xpath: //button[.='Sign Out']
12:45:58.317 [Test worker] INFO  com.phonebook.utils.MyListener -- *********************************
12:45:58.343 [Test worker] INFO  com.phonebook.utils.MyListener -- The locator is By.xpath: //button[.='Sign Out']
12:45:58.343 [Test worker] INFO  com.phonebook.utils.MyListener -- *********************************
12:45:58.493 [Test worker] INFO  com.phonebook.utils.MyListener -- The locator will find By.cssSelector: [href='/login']
12:45:58.493 [Test worker] INFO  com.phonebook.utils.MyListener -- *********************************
12:45:58.523 [Test worker] INFO  com.phonebook.utils.MyListener -- The locator is By.cssSelector: [href='/login']
12:45:58.523 [Test worker] INFO  com.phonebook.utils.MyListener -- *********************************
12:45:58.646 [Test worker] INFO  com.phonebook.utils.MyListener -- The locator will find By.name: email
12:45:58.646 [Test worker] INFO  com.phonebook.utils.MyListener -- *********************************
12:45:58.678 [Test worker] INFO  com.phonebook.utils.MyListener -- The locator is By.name: email
12:45:58.678 [Test worker] INFO  com.phonebook.utils.MyListener -- *********************************
12:45:58.826 [Test worker] INFO  com.phonebook.utils.MyListener -- The locator will find By.name: email
12:45:58.826 [Test worker] INFO  com.phonebook.utils.MyListener -- *********************************
12:45:58.852 [Test worker] INFO  com.phonebook.utils.MyListener -- The locator is By.name: email
12:45:58.852 [Test worker] INFO  com.phonebook.utils.MyListener -- *********************************
12:45:58.896 [Test worker] INFO  com.phonebook.utils.MyListener -- The locator will find By.name: email
12:45:58.896 [Test worker] INFO  com.phonebook.utils.MyListener -- *********************************
12:45:58.915 [Test worker] INFO  com.phonebook.utils.MyListener -- The locator is By.name: email
12:45:58.915 [Test worker] INFO  com.phonebook.utils.MyListener -- *********************************
12:45:58.999 [Test worker] INFO  com.phonebook.utils.MyListener -- The locator will find By.name: password
12:45:59.000 [Test worker] INFO  com.phonebook.utils.MyListener -- *********************************
12:45:59.032 [Test worker] INFO  com.phonebook.utils.MyListener -- The locator is By.name: password
12:45:59.033 [Test worker] INFO  com.phonebook.utils.MyListener -- *********************************
12:45:59.178 [Test worker] INFO  com.phonebook.utils.MyListener -- The locator will find By.name: password
12:45:59.179 [Test worker] INFO  com.phonebook.utils.MyListener -- *********************************
12:45:59.213 [Test worker] INFO  com.phonebook.utils.MyListener -- The locator is By.name: password
12:45:59.215 [Test worker] INFO  com.phonebook.utils.MyListener -- *********************************
12:45:59.269 [Test worker] INFO  com.phonebook.utils.MyListener -- The locator will find By.name: password
12:45:59.269 [Test worker] INFO  com.phonebook.utils.MyListener -- *********************************
12:45:59.306 [Test worker] INFO  com.phonebook.utils.MyListener -- The locator is By.name: password
12:45:59.306 [Test worker] INFO  com.phonebook.utils.MyListener -- *********************************
12:45:59.411 [Test worker] INFO  com.phonebook.utils.MyListener -- The locator will find By.name: login
12:45:59.412 [Test worker] INFO  com.phonebook.utils.MyListener -- *********************************
12:45:59.440 [Test worker] INFO  com.phonebook.utils.MyListener -- The locator is By.name: login
12:45:59.475 [Test worker] INFO  com.phonebook.utils.MyListener -- *********************************
12:45:59.617 [Test worker] INFO  com.phonebook.utils.MyListener -- The locator will find By.cssSelector: [href='/add']
12:45:59.618 [Test worker] INFO  com.phonebook.utils.MyListener -- *********************************
12:45:59.951 [Test worker] INFO  com.phonebook.utils.MyListener -- The locator is By.cssSelector: [href='/add']
12:45:59.951 [Test worker] INFO  com.phonebook.utils.MyListener -- *********************************
12:46:00.088 [Test worker] INFO  com.phonebook.utils.MyListener -- The locator will find By.cssSelector: input:nth-child(1)
12:46:00.088 [Test worker] INFO  com.phonebook.utils.MyListener -- *********************************
12:46:00.121 [Test worker] INFO  com.phonebook.utils.MyListener -- The locator is By.cssSelector: input:nth-child(1)
12:46:00.122 [Test worker] INFO  com.phonebook.utils.MyListener -- *********************************
12:46:00.250 [Test worker] INFO  com.phonebook.utils.MyListener -- The locator will find By.cssSelector: input:nth-child(1)
12:46:00.250 [Test worker] INFO  com.phonebook.utils.MyListener -- *********************************
12:46:00.281 [Test worker] INFO  com.phonebook.utils.MyListener -- The locator is By.cssSelector: input:nth-child(1)
12:46:00.281 [Test worker] INFO  com.phonebook.utils.MyListener -- *********************************
12:46:00.336 [Test worker] INFO  com.phonebook.utils.MyListener -- The locator will find By.cssSelector: input:nth-child(1)
12:46:00.336 [Test worker] INFO  com.phonebook.utils.MyListener -- *********************************
12:46:00.361 [Test worker] INFO  com.phonebook.utils.MyListener -- The locator is By.cssSelector: input:nth-child(1)
12:46:00.361 [Test worker] INFO  com.phonebook.utils.MyListener -- *********************************
12:46:00.434 [Test worker] INFO  com.phonebook.utils.MyListener -- The locator will find By.cssSelector: input:nth-child(2)
12:46:00.434 [Test worker] INFO  com.phonebook.utils.MyListener -- *********************************
12:46:00.458 [Test worker] INFO  com.phonebook.utils.MyListener -- The locator is By.cssSelector: input:nth-child(2)
12:46:00.458 [Test worker] INFO  com.phonebook.utils.MyListener -- *********************************
12:46:00.552 [Test worker] INFO  com.phonebook.utils.MyListener -- The locator will find By.cssSelector: input:nth-child(2)
12:46:00.553 [Test worker] INFO  com.phonebook.utils.MyListener -- *********************************
12:46:00.575 [Test worker] INFO  com.phonebook.utils.MyListener -- The locator is By.cssSelector: input:nth-child(2)
12:46:00.576 [Test worker] INFO  com.phonebook.utils.MyListener -- *********************************
12:46:00.618 [Test worker] INFO  com.phonebook.utils.MyListener -- The locator will find By.cssSelector: input:nth-child(2)
12:46:00.618 [Test worker] INFO  com.phonebook.utils.MyListener -- *********************************
12:46:00.644 [Test worker] INFO  com.phonebook.utils.MyListener -- The locator is By.cssSelector: input:nth-child(2)
12:46:00.644 [Test worker] INFO  com.phonebook.utils.MyListener -- *********************************
12:46:00.706 [Test worker] INFO  com.phonebook.utils.MyListener -- The locator will find By.cssSelector: input:nth-child(3)
12:46:00.706 [Test worker] INFO  com.phonebook.utils.MyListener -- *********************************
12:46:00.731 [Test worker] INFO  com.phonebook.utils.MyListener -- The locator is By.cssSelector: input:nth-child(3)
12:46:00.732 [Test worker] INFO  com.phonebook.utils.MyListener -- *********************************
12:46:00.817 [Test worker] INFO  com.phonebook.utils.MyListener -- The locator will find By.cssSelector: input:nth-child(3)
12:46:00.841 [Test worker] INFO  com.phonebook.utils.MyListener -- *********************************
12:46:00.872 [Test worker] INFO  com.phonebook.utils.MyListener -- The locator is By.cssSelector: input:nth-child(3)
12:46:00.872 [Test worker] INFO  com.phonebook.utils.MyListener -- *********************************
12:46:00.931 [Test worker] INFO  com.phonebook.utils.MyListener -- The locator will find By.cssSelector: input:nth-child(3)
12:46:00.932 [Test worker] INFO  com.phonebook.utils.MyListener -- *********************************
12:46:00.958 [Test worker] INFO  com.phonebook.utils.MyListener -- The locator is By.cssSelector: input:nth-child(3)
12:46:00.958 [Test worker] INFO  com.phonebook.utils.MyListener -- *********************************
12:46:01.026 [Test worker] INFO  com.phonebook.utils.MyListener -- The locator will find By.cssSelector: input:nth-child(4)
12:46:01.026 [Test worker] INFO  com.phonebook.utils.MyListener -- *********************************
12:46:01.051 [Test worker] INFO  com.phonebook.utils.MyListener -- The locator is By.cssSelector: input:nth-child(4)
12:46:01.051 [Test worker] INFO  com.phonebook.utils.MyListener -- *********************************
12:46:01.145 [Test worker] INFO  com.phonebook.utils.MyListener -- The locator will find By.cssSelector: input:nth-child(4)
12:46:01.145 [Test worker] INFO  com.phonebook.utils.MyListener -- *********************************
12:46:01.169 [Test worker] INFO  com.phonebook.utils.MyListener -- The locator is By.cssSelector: input:nth-child(4)
12:46:01.169 [Test worker] INFO  com.phonebook.utils.MyListener -- *********************************
12:46:01.209 [Test worker] INFO  com.phonebook.utils.MyListener -- The locator will find By.cssSelector: input:nth-child(4)
12:46:01.209 [Test worker] INFO  com.phonebook.utils.MyListener -- *********************************
12:46:01.233 [Test worker] INFO  com.phonebook.utils.MyListener -- The locator is By.cssSelector: input:nth-child(4)
12:46:01.233 [Test worker] INFO  com.phonebook.utils.MyListener -- *********************************
12:46:01.300 [Test worker] INFO  com.phonebook.utils.MyListener -- The locator will find By.cssSelector: input:nth-child(5)
12:46:01.300 [Test worker] INFO  com.phonebook.utils.MyListener -- *********************************
12:46:01.328 [Test worker] INFO  com.phonebook.utils.MyListener -- The locator is By.cssSelector: input:nth-child(5)
12:46:01.328 [Test worker] INFO  com.phonebook.utils.MyListener -- *********************************
12:46:01.418 [Test worker] INFO  com.phonebook.utils.MyListener -- The locator will find By.cssSelector: input:nth-child(5)
12:46:01.418 [Test worker] INFO  com.phonebook.utils.MyListener -- *********************************
12:46:01.444 [Test worker] INFO  com.phonebook.utils.MyListener -- The locator is By.cssSelector: input:nth-child(5)
12:46:01.444 [Test worker] INFO  com.phonebook.utils.MyListener -- *********************************
12:46:01.499 [Test worker] INFO  com.phonebook.utils.MyListener -- The locator will find By.cssSelector: input:nth-child(5)
12:46:01.499 [Test worker] INFO  com.phonebook.utils.MyListener -- *********************************
12:46:01.530 [Test worker] INFO  com.phonebook.utils.MyListener -- The locator is By.cssSelector: input:nth-child(5)
12:46:01.530 [Test worker] INFO  com.phonebook.utils.MyListener -- *********************************
12:46:01.595 [Test worker] INFO  com.phonebook.utils.MyListener -- The locator will find By.cssSelector: input:nth-child(6)
12:46:01.595 [Test worker] INFO  com.phonebook.utils.MyListener -- *********************************
12:46:01.644 [Test worker] INFO  com.phonebook.utils.MyListener -- The locator is By.cssSelector: input:nth-child(6)
12:46:01.651 [Test worker] INFO  com.phonebook.utils.MyListener -- *********************************
12:46:01.772 [Test worker] INFO  com.phonebook.utils.MyListener -- The locator will find By.cssSelector: input:nth-child(6)
12:46:01.772 [Test worker] INFO  com.phonebook.utils.MyListener -- *********************************
12:46:01.795 [Test worker] INFO  com.phonebook.utils.MyListener -- The locator is By.cssSelector: input:nth-child(6)
12:46:01.796 [Test worker] INFO  com.phonebook.utils.MyListener -- *********************************
12:46:01.839 [Test worker] INFO  com.phonebook.utils.MyListener -- The locator will find By.cssSelector: input:nth-child(6)
12:46:01.840 [Test worker] INFO  com.phonebook.utils.MyListener -- *********************************
12:46:01.866 [Test worker] INFO  com.phonebook.utils.MyListener -- The locator is By.cssSelector: input:nth-child(6)
12:46:01.866 [Test worker] INFO  com.phonebook.utils.MyListener -- *********************************
12:46:01.913 [Test worker] INFO  com.phonebook.utils.MyListener -- The locator will find By.cssSelector: .add_form__2rsm2 button
12:46:01.915 [Test worker] INFO  com.phonebook.utils.MyListener -- *********************************
12:46:01.945 [Test worker] INFO  com.phonebook.utils.MyListener -- The locator is By.cssSelector: .add_form__2rsm2 button
12:46:01.945 [Test worker] INFO  com.phonebook.utils.MyListener -- *********************************
12:46:02.041 [Test worker] INFO  com.phonebook.utils.MyListener -- Before Find ElementsBy.cssSelector: h2
12:46:02.041 [Test worker] INFO  com.phonebook.utils.MyListener -- *********************************
12:46:02.568 [Test worker] INFO  com.phonebook.utils.MyListener -- List size is 6
12:46:02.568 [Test worker] INFO  com.phonebook.utils.MyListener -- *********************************
12:46:02.675 [Test worker] INFO  com.phonebook.utils.MyListener -- The locator will find By.cssSelector: .contact-item_card__2SOIM
12:46:02.675 [Test worker] INFO  com.phonebook.utils.MyListener -- *********************************
12:46:02.696 [Test worker] INFO  com.phonebook.utils.MyListener -- The locator is By.cssSelector: .contact-item_card__2SOIM
12:46:02.696 [Test worker] INFO  com.phonebook.utils.MyListener -- *********************************
12:46:02.827 [Test worker] INFO  com.phonebook.utils.MyListener -- The locator will find By.xpath: //button[.='Remove']
12:46:02.827 [Test worker] INFO  com.phonebook.utils.MyListener -- *********************************
12:46:02.853 [Test worker] INFO  com.phonebook.utils.MyListener -- The locator is By.xpath: //button[.='Remove']
12:46:02.853 [Test worker] INFO  com.phonebook.utils.MyListener -- *********************************
12:46:02.936 [Test worker] INFO  com.phonebook.tests.TestBase -- PASSED: addContactPositiveFromDataProviderWithCsvFileTest
12:46:02.936 [Test worker] INFO  com.phonebook.tests.TestBase -- Stop test
12:46:02.936 [Test worker] INFO  com.phonebook.tests.TestBase -- =====================================================
12:46:02.938 [Test worker] INFO  com.phonebook.tests.TestBase -- Start test: addContactPositiveFromDataProviderWithCsvFileTest[Contact{name='Alina', phone='123456789011'}]
12:46:02.939 [Test worker] INFO  com.phonebook.utils.MyListener -- Before Find ElementsBy.cssSelector: [href='/login']
12:46:02.939 [Test worker] INFO  com.phonebook.utils.MyListener -- *********************************
12:46:12.976 [Test worker] INFO  com.phonebook.utils.MyListener -- List size is 0
12:46:12.976 [Test worker] INFO  com.phonebook.utils.MyListener -- *********************************
12:46:12.976 [Test worker] INFO  com.phonebook.utils.MyListener -- The locator will find By.xpath: //button[.='Sign Out']
12:46:12.976 [Test worker] INFO  com.phonebook.utils.MyListener -- *********************************
12:46:12.999 [Test worker] INFO  com.phonebook.utils.MyListener -- The locator is By.xpath: //button[.='Sign Out']
12:46:12.999 [Test worker] INFO  com.phonebook.utils.MyListener -- *********************************
12:46:13.107 [Test worker] INFO  com.phonebook.utils.MyListener -- The locator will find By.cssSelector: [href='/login']
12:46:13.110 [Test worker] INFO  com.phonebook.utils.MyListener -- *********************************
12:46:13.166 [Test worker] INFO  com.phonebook.utils.MyListener -- The locator is By.cssSelector: [href='/login']
12:46:13.166 [Test worker] INFO  com.phonebook.utils.MyListener -- *********************************
12:46:13.330 [Test worker] INFO  com.phonebook.utils.MyListener -- The locator will find By.name: email
12:46:13.331 [Test worker] INFO  com.phonebook.utils.MyListener -- *********************************
12:46:13.370 [Test worker] INFO  com.phonebook.utils.MyListener -- The locator is By.name: email
12:46:13.370 [Test worker] INFO  com.phonebook.utils.MyListener -- *********************************
12:46:13.592 [Test worker] INFO  com.phonebook.utils.MyListener -- The locator will find By.name: email
12:46:13.593 [Test worker] INFO  com.phonebook.utils.MyListener -- *********************************
12:46:13.671 [Test worker] INFO  com.phonebook.utils.MyListener -- The locator is By.name: email
12:46:13.672 [Test worker] INFO  com.phonebook.utils.MyListener -- *********************************
12:46:13.768 [Test worker] INFO  com.phonebook.utils.MyListener -- The locator will find By.name: email
12:46:13.768 [Test worker] INFO  com.phonebook.utils.MyListener -- *********************************
12:46:13.805 [Test worker] INFO  com.phonebook.utils.MyListener -- The locator is By.name: email
12:46:13.806 [Test worker] INFO  com.phonebook.utils.MyListener -- *********************************
12:46:13.951 [Test worker] INFO  com.phonebook.utils.MyListener -- The locator will find By.name: password
12:46:13.951 [Test worker] INFO  com.phonebook.utils.MyListener -- *********************************
12:46:13.987 [Test worker] INFO  com.phonebook.utils.MyListener -- The locator is By.name: password
12:46:13.987 [Test worker] INFO  com.phonebook.utils.MyListener -- *********************************
12:46:14.306 [Test worker] INFO  com.phonebook.utils.MyListener -- The locator will find By.name: password
12:46:14.306 [Test worker] INFO  com.phonebook.utils.MyListener -- *********************************
12:46:14.365 [Test worker] INFO  com.phonebook.utils.MyListener -- The locator is By.name: password
12:46:14.365 [Test worker] INFO  com.phonebook.utils.MyListener -- *********************************
12:46:14.439 [Test worker] INFO  com.phonebook.utils.MyListener -- The locator will find By.name: password
12:46:14.439 [Test worker] INFO  com.phonebook.utils.MyListener -- *********************************
12:46:14.482 [Test worker] INFO  com.phonebook.utils.MyListener -- The locator is By.name: password
12:46:14.483 [Test worker] INFO  com.phonebook.utils.MyListener -- *********************************
12:46:14.589 [Test worker] INFO  com.phonebook.utils.MyListener -- The locator will find By.name: login
12:46:14.589 [Test worker] INFO  com.phonebook.utils.MyListener -- *********************************
12:46:14.630 [Test worker] INFO  com.phonebook.utils.MyListener -- The locator is By.name: login
12:46:14.632 [Test worker] INFO  com.phonebook.utils.MyListener -- *********************************
12:46:14.774 [Test worker] INFO  com.phonebook.utils.MyListener -- The locator will find By.cssSelector: [href='/add']
12:46:14.775 [Test worker] INFO  com.phonebook.utils.MyListener -- *********************************
12:46:15.113 [Test worker] INFO  com.phonebook.utils.MyListener -- The locator is By.cssSelector: [href='/add']
12:46:15.113 [Test worker] INFO  com.phonebook.utils.MyListener -- *********************************
12:46:15.235 [Test worker] INFO  com.phonebook.utils.MyListener -- The locator will find By.cssSelector: input:nth-child(1)
12:46:15.235 [Test worker] INFO  com.phonebook.utils.MyListener -- *********************************
12:46:15.269 [Test worker] INFO  com.phonebook.utils.MyListener -- The locator is By.cssSelector: input:nth-child(1)
12:46:15.269 [Test worker] INFO  com.phonebook.utils.MyListener -- *********************************
12:46:15.404 [Test worker] INFO  com.phonebook.utils.MyListener -- The locator will find By.cssSelector: input:nth-child(1)
12:46:15.405 [Test worker] INFO  com.phonebook.utils.MyListener -- *********************************
12:46:15.437 [Test worker] INFO  com.phonebook.utils.MyListener -- The locator is By.cssSelector: input:nth-child(1)
12:46:15.438 [Test worker] INFO  com.phonebook.utils.MyListener -- *********************************
12:46:15.495 [Test worker] INFO  com.phonebook.utils.MyListener -- The locator will find By.cssSelector: input:nth-child(1)
12:46:15.496 [Test worker] INFO  com.phonebook.utils.MyListener -- *********************************
12:46:15.524 [Test worker] INFO  com.phonebook.utils.MyListener -- The locator is By.cssSelector: input:nth-child(1)
12:46:15.524 [Test worker] INFO  com.phonebook.utils.MyListener -- *********************************
12:46:15.592 [Test worker] INFO  com.phonebook.utils.MyListener -- The locator will find By.cssSelector: input:nth-child(2)
12:46:15.593 [Test worker] INFO  com.phonebook.utils.MyListener -- *********************************
12:46:15.621 [Test worker] INFO  com.phonebook.utils.MyListener -- The locator is By.cssSelector: input:nth-child(2)
12:46:15.621 [Test worker] INFO  com.phonebook.utils.MyListener -- *********************************
12:46:15.730 [Test worker] INFO  com.phonebook.utils.MyListener -- The locator will find By.cssSelector: input:nth-child(2)
12:46:15.730 [Test worker] INFO  com.phonebook.utils.MyListener -- *********************************
12:46:15.760 [Test worker] INFO  com.phonebook.utils.MyListener -- The locator is By.cssSelector: input:nth-child(2)
12:46:15.760 [Test worker] INFO  com.phonebook.utils.MyListener -- *********************************
12:46:15.810 [Test worker] INFO  com.phonebook.utils.MyListener -- The locator will find By.cssSelector: input:nth-child(2)
12:46:15.842 [Test worker] INFO  com.phonebook.utils.MyListener -- *********************************
12:46:15.868 [Test worker] INFO  com.phonebook.utils.MyListener -- The locator is By.cssSelector: input:nth-child(2)
12:46:15.868 [Test worker] INFO  com.phonebook.utils.MyListener -- *********************************
12:46:15.932 [Test worker] INFO  com.phonebook.utils.MyListener -- The locator will find By.cssSelector: input:nth-child(3)
12:46:15.933 [Test worker] INFO  com.phonebook.utils.MyListener -- *********************************
12:46:15.959 [Test worker] INFO  com.phonebook.utils.MyListener -- The locator is By.cssSelector: input:nth-child(3)
12:46:15.959 [Test worker] INFO  com.phonebook.utils.MyListener -- *********************************
12:46:16.093 [Test worker] INFO  com.phonebook.utils.MyListener -- The locator will find By.cssSelector: input:nth-child(3)
12:46:16.093 [Test worker] INFO  com.phonebook.utils.MyListener -- *********************************
12:46:16.126 [Test worker] INFO  com.phonebook.utils.MyListener -- The locator is By.cssSelector: input:nth-child(3)
12:46:16.126 [Test worker] INFO  com.phonebook.utils.MyListener -- *********************************
12:46:16.193 [Test worker] INFO  com.phonebook.utils.MyListener -- The locator will find By.cssSelector: input:nth-child(3)
12:46:16.193 [Test worker] INFO  com.phonebook.utils.MyListener -- *********************************
12:46:16.224 [Test worker] INFO  com.phonebook.utils.MyListener -- The locator is By.cssSelector: input:nth-child(3)
12:46:16.224 [Test worker] INFO  com.phonebook.utils.MyListener -- *********************************
12:46:16.325 [Test worker] INFO  com.phonebook.utils.MyListener -- The locator will find By.cssSelector: input:nth-child(4)
12:46:16.326 [Test worker] INFO  com.phonebook.utils.MyListener -- *********************************
12:46:16.360 [Test worker] INFO  com.phonebook.utils.MyListener -- The locator is By.cssSelector: input:nth-child(4)
12:46:16.360 [Test worker] INFO  com.phonebook.utils.MyListener -- *********************************
12:46:16.492 [Test worker] INFO  com.phonebook.utils.MyListener -- The locator will find By.cssSelector: input:nth-child(4)
12:46:16.492 [Test worker] INFO  com.phonebook.utils.MyListener -- *********************************
12:46:16.522 [Test worker] INFO  com.phonebook.utils.MyListener -- The locator is By.cssSelector: input:nth-child(4)
12:46:16.523 [Test worker] INFO  com.phonebook.utils.MyListener -- *********************************
12:46:16.576 [Test worker] INFO  com.phonebook.utils.MyListener -- The locator will find By.cssSelector: input:nth-child(4)
12:46:16.576 [Test worker] INFO  com.phonebook.utils.MyListener -- *********************************
12:46:16.604 [Test worker] INFO  com.phonebook.utils.MyListener -- The locator is By.cssSelector: input:nth-child(4)
12:46:16.604 [Test worker] INFO  com.phonebook.utils.MyListener -- *********************************
12:46:16.704 [Test worker] INFO  com.phonebook.utils.MyListener -- The locator will find By.cssSelector: input:nth-child(5)
12:46:16.704 [Test worker] INFO  com.phonebook.utils.MyListener -- *********************************
12:46:16.732 [Test worker] INFO  com.phonebook.utils.MyListener -- The locator is By.cssSelector: input:nth-child(5)
12:46:16.733 [Test worker] INFO  com.phonebook.utils.MyListener -- *********************************
12:46:16.892 [Test worker] INFO  com.phonebook.utils.MyListener -- The locator will find By.cssSelector: input:nth-child(5)
12:46:16.892 [Test worker] INFO  com.phonebook.utils.MyListener -- *********************************
12:46:16.938 [Test worker] INFO  com.phonebook.utils.MyListener -- The locator is By.cssSelector: input:nth-child(5)
12:46:16.938 [Test worker] INFO  com.phonebook.utils.MyListener -- *********************************
12:46:17.039 [Test worker] INFO  com.phonebook.utils.MyListener -- The locator will find By.cssSelector: input:nth-child(5)
12:46:17.040 [Test worker] INFO  com.phonebook.utils.MyListener -- *********************************
12:46:17.082 [Test worker] INFO  com.phonebook.utils.MyListener -- The locator is By.cssSelector: input:nth-child(5)
12:46:17.083 [Test worker] INFO  com.phonebook.utils.MyListener -- *********************************
12:46:17.170 [Test worker] INFO  com.phonebook.utils.MyListener -- The locator will find By.cssSelector: input:nth-child(6)
12:46:17.208 [Test worker] INFO  com.phonebook.utils.MyListener -- *********************************
12:46:17.237 [Test worker] INFO  com.phonebook.utils.MyListener -- The locator is By.cssSelector: input:nth-child(6)
12:46:17.237 [Test worker] INFO  com.phonebook.utils.MyListener -- *********************************
12:46:17.360 [Test worker] INFO  com.phonebook.utils.MyListener -- The locator will find By.cssSelector: input:nth-child(6)
12:46:17.360 [Test worker] INFO  com.phonebook.utils.MyListener -- *********************************
12:46:17.387 [Test worker] INFO  com.phonebook.utils.MyListener -- The locator is By.cssSelector: input:nth-child(6)
12:46:17.387 [Test worker] INFO  com.phonebook.utils.MyListener -- *********************************
12:46:17.441 [Test worker] INFO  com.phonebook.utils.MyListener -- The locator will find By.cssSelector: input:nth-child(6)
12:46:17.441 [Test worker] INFO  com.phonebook.utils.MyListener -- *********************************
12:46:17.468 [Test worker] INFO  com.phonebook.utils.MyListener -- The locator is By.cssSelector: input:nth-child(6)
12:46:17.468 [Test worker] INFO  com.phonebook.utils.MyListener -- *********************************
12:46:17.528 [Test worker] INFO  com.phonebook.utils.MyListener -- The locator will find By.cssSelector: .add_form__2rsm2 button
12:46:17.529 [Test worker] INFO  com.phonebook.utils.MyListener -- *********************************
12:46:17.558 [Test worker] INFO  com.phonebook.utils.MyListener -- The locator is By.cssSelector: .add_form__2rsm2 button
12:46:17.558 [Test worker] INFO  com.phonebook.utils.MyListener -- *********************************
12:46:17.671 [Test worker] INFO  com.phonebook.utils.MyListener -- Before Find ElementsBy.cssSelector: h2
12:46:17.672 [Test worker] INFO  com.phonebook.utils.MyListener -- *********************************
12:46:18.220 [Test worker] INFO  com.phonebook.utils.MyListener -- List size is 6
12:46:18.221 [Test worker] INFO  com.phonebook.utils.MyListener -- *********************************
12:46:18.502 [Test worker] INFO  com.phonebook.utils.MyListener -- The locator will find By.cssSelector: .contact-item_card__2SOIM
12:46:18.502 [Test worker] INFO  com.phonebook.utils.MyListener -- *********************************
12:46:18.547 [Test worker] INFO  com.phonebook.utils.MyListener -- The locator is By.cssSelector: .contact-item_card__2SOIM
12:46:18.547 [Test worker] INFO  com.phonebook.utils.MyListener -- *********************************
12:46:18.723 [Test worker] INFO  com.phonebook.utils.MyListener -- The locator will find By.xpath: //button[.='Remove']
12:46:18.723 [Test worker] INFO  com.phonebook.utils.MyListener -- *********************************
12:46:18.762 [Test worker] INFO  com.phonebook.utils.MyListener -- The locator is By.xpath: //button[.='Remove']
12:46:18.762 [Test worker] INFO  com.phonebook.utils.MyListener -- *********************************
12:46:19.091 [Test worker] INFO  com.phonebook.tests.TestBase -- PASSED: addContactPositiveFromDataProviderWithCsvFileTest
12:46:19.091 [Test worker] INFO  com.phonebook.tests.TestBase -- Stop test
12:46:19.091 [Test worker] INFO  com.phonebook.tests.TestBase -- =====================================================
12:46:19.093 [Test worker] INFO  com.phonebook.tests.TestBase -- Start test: addContactPositiveFromDataProviderWithCsvFileTest[Contact{name='Sam', phone='1234567890123'}]
12:46:19.094 [Test worker] INFO  com.phonebook.utils.MyListener -- Before Find ElementsBy.cssSelector: [href='/login']
12:46:19.094 [Test worker] INFO  com.phonebook.utils.MyListener -- *********************************
12:46:29.155 [Test worker] INFO  com.phonebook.utils.MyListener -- List size is 0
12:46:29.155 [Test worker] INFO  com.phonebook.utils.MyListener -- *********************************
12:46:29.156 [Test worker] INFO  com.phonebook.utils.MyListener -- The locator will find By.xpath: //button[.='Sign Out']
12:46:29.156 [Test worker] INFO  com.phonebook.utils.MyListener -- *********************************
12:46:29.204 [Test worker] INFO  com.phonebook.utils.MyListener -- The locator is By.xpath: //button[.='Sign Out']
12:46:29.204 [Test worker] INFO  com.phonebook.utils.MyListener -- *********************************
12:46:29.517 [Test worker] INFO  com.phonebook.utils.MyListener -- The locator will find By.cssSelector: [href='/login']
12:46:29.521 [Test worker] INFO  com.phonebook.utils.MyListener -- *********************************
12:46:29.575 [Test worker] INFO  com.phonebook.utils.MyListener -- The locator is By.cssSelector: [href='/login']
12:46:29.576 [Test worker] INFO  com.phonebook.utils.MyListener -- *********************************
12:46:29.705 [Test worker] INFO  com.phonebook.utils.MyListener -- The locator will find By.name: email
12:46:29.705 [Test worker] INFO  com.phonebook.utils.MyListener -- *********************************
12:46:29.731 [Test worker] INFO  com.phonebook.utils.MyListener -- The locator is By.name: email
12:46:29.731 [Test worker] INFO  com.phonebook.utils.MyListener -- *********************************
12:46:29.880 [Test worker] INFO  com.phonebook.utils.MyListener -- The locator will find By.name: email
12:46:29.880 [Test worker] INFO  com.phonebook.utils.MyListener -- *********************************
12:46:29.915 [Test worker] INFO  com.phonebook.utils.MyListener -- The locator is By.name: email
12:46:29.915 [Test worker] INFO  com.phonebook.utils.MyListener -- *********************************
12:46:29.971 [Test worker] INFO  com.phonebook.utils.MyListener -- The locator will find By.name: email
12:46:29.973 [Test worker] INFO  com.phonebook.utils.MyListener -- *********************************
12:46:30.008 [Test worker] INFO  com.phonebook.utils.MyListener -- The locator is By.name: email
12:46:30.008 [Test worker] INFO  com.phonebook.utils.MyListener -- *********************************
12:46:30.140 [Test worker] INFO  com.phonebook.utils.MyListener -- The locator will find By.name: password
12:46:30.140 [Test worker] INFO  com.phonebook.utils.MyListener -- *********************************
12:46:30.188 [Test worker] INFO  com.phonebook.utils.MyListener -- The locator is By.name: password
12:46:30.188 [Test worker] INFO  com.phonebook.utils.MyListener -- *********************************
12:46:30.412 [Test worker] INFO  com.phonebook.utils.MyListener -- The locator will find By.name: password
12:46:30.412 [Test worker] INFO  com.phonebook.utils.MyListener -- *********************************
12:46:30.444 [Test worker] INFO  com.phonebook.utils.MyListener -- The locator is By.name: password
12:46:30.444 [Test worker] INFO  com.phonebook.utils.MyListener -- *********************************
12:46:30.500 [Test worker] INFO  com.phonebook.utils.MyListener -- The locator will find By.name: password
12:46:30.501 [Test worker] INFO  com.phonebook.utils.MyListener -- *********************************
12:46:30.528 [Test worker] INFO  com.phonebook.utils.MyListener -- The locator is By.name: password
12:46:30.528 [Test worker] INFO  com.phonebook.utils.MyListener -- *********************************
12:46:30.615 [Test worker] INFO  com.phonebook.utils.MyListener -- The locator will find By.name: login
12:46:30.616 [Test worker] INFO  com.phonebook.utils.MyListener -- *********************************
12:46:30.646 [Test worker] INFO  com.phonebook.utils.MyListener -- The locator is By.name: login
12:46:30.646 [Test worker] INFO  com.phonebook.utils.MyListener -- *********************************
12:46:30.760 [Test worker] INFO  com.phonebook.utils.MyListener -- The locator will find By.cssSelector: [href='/add']
12:46:30.760 [Test worker] INFO  com.phonebook.utils.MyListener -- *********************************
12:46:31.084 [Test worker] INFO  com.phonebook.utils.MyListener -- The locator is By.cssSelector: [href='/add']
12:46:31.084 [Test worker] INFO  com.phonebook.utils.MyListener -- *********************************
12:46:31.235 [Test worker] INFO  com.phonebook.utils.MyListener -- The locator will find By.cssSelector: input:nth-child(1)
12:46:31.236 [Test worker] INFO  com.phonebook.utils.MyListener -- *********************************
12:46:31.290 [Test worker] INFO  com.phonebook.utils.MyListener -- The locator is By.cssSelector: input:nth-child(1)
[...]
12:46:47.830 [Test worker] INFO  com.phonebook.utils.MyListener -- *********************************
12:46:47.890 [Test worker] INFO  com.phonebook.utils.MyListener -- The locator will find By.cssSelector: input:nth-child(4)
12:46:47.890 [Test worker] INFO  com.phonebook.utils.MyListener -- *********************************
12:46:47.916 [Test worker] INFO  com.phonebook.utils.MyListener -- The locator is By.cssSelector: input:nth-child(4)
12:46:47.917 [Test worker] INFO  com.phonebook.utils.MyListener -- *********************************
12:46:47.993 [Test worker] INFO  com.phonebook.utils.MyListener -- The locator will find By.cssSelector: input:nth-child(5)
12:46:47.993 [Test worker] INFO  com.phonebook.utils.MyListener -- *********************************
12:46:48.022 [Test worker] INFO  com.phonebook.utils.MyListener -- The locator is By.cssSelector: input:nth-child(5)
12:46:48.022 [Test worker] INFO  com.phonebook.utils.MyListener -- *********************************
12:46:48.139 [Test worker] INFO  com.phonebook.utils.MyListener -- The locator will find By.cssSelector: input:nth-child(5)
12:46:48.140 [Test worker] INFO  com.phonebook.utils.MyListener -- *********************************
12:46:48.166 [Test worker] INFO  com.phonebook.utils.MyListener -- The locator is By.cssSelector: input:nth-child(5)
12:46:48.168 [Test worker] INFO  com.phonebook.utils.MyListener -- *********************************
12:46:48.220 [Test worker] INFO  com.phonebook.utils.MyListener -- The locator will find By.cssSelector: input:nth-child(5)
12:46:48.220 [Test worker] INFO  com.phonebook.utils.MyListener -- *********************************
12:46:48.249 [Test worker] INFO  com.phonebook.utils.MyListener -- The locator is By.cssSelector: input:nth-child(5)
12:46:48.249 [Test worker] INFO  com.phonebook.utils.MyListener -- *********************************
12:46:48.317 [Test worker] INFO  com.phonebook.utils.MyListener -- The locator will find By.cssSelector: input:nth-child(6)
12:46:48.317 [Test worker] INFO  com.phonebook.utils.MyListener -- *********************************
12:46:48.343 [Test worker] INFO  com.phonebook.utils.MyListener -- The locator is By.cssSelector: input:nth-child(6)
12:46:48.343 [Test worker] INFO  com.phonebook.utils.MyListener -- *********************************
12:46:48.461 [Test worker] INFO  com.phonebook.utils.MyListener -- The locator will find By.cssSelector: input:nth-child(6)
12:46:48.461 [Test worker] INFO  com.phonebook.utils.MyListener -- *********************************
12:46:48.489 [Test worker] INFO  com.phonebook.utils.MyListener -- The locator is By.cssSelector: input:nth-child(6)
12:46:48.489 [Test worker] INFO  com.phonebook.utils.MyListener -- *********************************
12:46:48.545 [Test worker] INFO  com.phonebook.utils.MyListener -- The locator will find By.cssSelector: input:nth-child(6)
12:46:48.556 [Test worker] INFO  com.phonebook.utils.MyListener -- *********************************
12:46:48.583 [Test worker] INFO  com.phonebook.utils.MyListener -- The locator is By.cssSelector: input:nth-child(6)
12:46:48.583 [Test worker] INFO  com.phonebook.utils.MyListener -- *********************************
12:46:48.644 [Test worker] INFO  com.phonebook.utils.MyListener -- The locator will find By.cssSelector: .add_form__2rsm2 button
12:46:48.644 [Test worker] INFO  com.phonebook.utils.MyListener -- *********************************
12:46:48.670 [Test worker] INFO  com.phonebook.utils.MyListener -- The locator is By.cssSelector: .add_form__2rsm2 button
12:46:48.671 [Test worker] INFO  com.phonebook.utils.MyListener -- *********************************
12:46:48.778 [Test worker] INFO  com.phonebook.utils.MyListener -- Before Find ElementsBy.cssSelector: h2
12:46:48.778 [Test worker] INFO  com.phonebook.utils.MyListener -- *********************************
12:46:49.366 [Test worker] INFO  com.phonebook.utils.MyListener -- List size is 6
12:46:49.367 [Test worker] INFO  com.phonebook.utils.MyListener -- *********************************
12:46:49.487 [Test worker] INFO  com.phonebook.utils.MyListener -- The locator will find By.cssSelector: .contact-item_card__2SOIM
12:46:49.487 [Test worker] INFO  com.phonebook.utils.MyListener -- *********************************
12:46:49.515 [Test worker] INFO  com.phonebook.utils.MyListener -- The locator is By.cssSelector: .contact-item_card__2SOIM
12:46:49.515 [Test worker] INFO  com.phonebook.utils.MyListener -- *********************************
12:46:49.636 [Test worker] INFO  com.phonebook.utils.MyListener -- The locator will find By.xpath: //button[.='Remove']
12:46:49.636 [Test worker] INFO  com.phonebook.utils.MyListener -- *********************************
12:46:49.676 [Test worker] INFO  com.phonebook.utils.MyListener -- The locator is By.xpath: //button[.='Remove']
12:46:49.677 [Test worker] INFO  com.phonebook.utils.MyListener -- *********************************
12:46:49.787 [Test worker] INFO  com.phonebook.tests.TestBase -- PASSED: addContactPositiveFromDataProviderWithCsvFileTest
12:46:49.787 [Test worker] INFO  com.phonebook.tests.TestBase -- Stop test
12:46:49.788 [Test worker] INFO  com.phonebook.tests.TestBase -- =====================================================
12:46:49.791 [Test worker] INFO  com.phonebook.tests.TestBase -- Start test: addContactPositiveTest[]
12:46:49.792 [Test worker] INFO  com.phonebook.utils.MyListener -- Before Find ElementsBy.cssSelector: [href='/login']
12:46:49.792 [Test worker] INFO  com.phonebook.utils.MyListener -- *********************************
12:46:59.830 [Test worker] INFO  com.phonebook.utils.MyListener -- List size is 0
12:46:59.831 [Test worker] INFO  com.phonebook.utils.MyListener -- *********************************
12:46:59.831 [Test worker] INFO  com.phonebook.utils.MyListener -- The locator will find By.xpath: //button[.='Sign Out']
12:46:59.831 [Test worker] INFO  com.phonebook.utils.MyListener -- *********************************
12:46:59.856 [Test worker] INFO  com.phonebook.utils.MyListener -- The locator is By.xpath: //button[.='Sign Out']
12:46:59.856 [Test worker] INFO  com.phonebook.utils.MyListener -- *********************************
12:47:00.019 [Test worker] INFO  com.phonebook.utils.MyListener -- The locator will find By.cssSelector: [href='/login']
12:47:00.020 [Test worker] INFO  com.phonebook.utils.MyListener -- *********************************
12:47:00.056 [Test worker] INFO  com.phonebook.utils.MyListener -- The locator is By.cssSelector: [href='/login']
12:47:00.056 [Test worker] INFO  com.phonebook.utils.MyListener -- *********************************
12:47:00.174 [Test worker] INFO  com.phonebook.utils.MyListener -- The locator will find By.name: email
12:47:00.174 [Test worker] INFO  com.phonebook.utils.MyListener -- *********************************
12:47:00.207 [Test worker] INFO  com.phonebook.utils.MyListener -- The locator is By.name: email
12:47:00.207 [Test worker] INFO  com.phonebook.utils.MyListener -- *********************************
12:47:00.368 [Test worker] INFO  com.phonebook.utils.MyListener -- The locator will find By.name: email
12:47:00.368 [Test worker] INFO  com.phonebook.utils.MyListener -- *********************************
12:47:00.400 [Test worker] INFO  com.phonebook.utils.MyListener -- The locator is By.name: email
12:47:00.401 [Test worker] INFO  com.phonebook.utils.MyListener -- *********************************
12:47:00.454 [Test worker] INFO  com.phonebook.utils.MyListener -- The locator will find By.name: email
12:47:00.454 [Test worker] INFO  com.phonebook.utils.MyListener -- *********************************
12:47:00.481 [Test worker] INFO  com.phonebook.utils.MyListener -- The locator is By.name: email
12:47:00.481 [Test worker] INFO  com.phonebook.utils.MyListener -- *********************************
12:47:00.560 [Test worker] INFO  com.phonebook.utils.MyListener -- The locator will find By.name: password
12:47:00.560 [Test worker] INFO  com.phonebook.utils.MyListener -- *********************************
12:47:00.587 [Test worker] INFO  com.phonebook.utils.MyListener -- The locator is By.name: password
12:47:00.587 [Test worker] INFO  com.phonebook.utils.MyListener -- *********************************
12:47:00.746 [Test worker] INFO  com.phonebook.utils.MyListener -- The locator will find By.name: password
12:47:00.746 [Test worker] INFO  com.phonebook.utils.MyListener -- *********************************
12:47:00.779 [Test worker] INFO  com.phonebook.utils.MyListener -- The locator is By.name: password
12:47:00.779 [Test worker] INFO  com.phonebook.utils.MyListener -- *********************************
12:47:00.841 [Test worker] INFO  com.phonebook.utils.MyListener -- The locator will find By.name: password
12:47:00.841 [Test worker] INFO  com.phonebook.utils.MyListener -- *********************************
12:47:00.868 [Test worker] INFO  com.phonebook.utils.MyListener -- The locator is By.name: password
12:47:00.868 [Test worker] INFO  com.phonebook.utils.MyListener -- *********************************
12:47:00.934 [Test worker] INFO  com.phonebook.utils.MyListener -- The locator will find By.name: login
12:47:00.936 [Test worker] INFO  com.phonebook.utils.MyListener -- *********************************
12:47:00.966 [Test worker] INFO  com.phonebook.utils.MyListener -- The locator is By.name: login
12:47:00.966 [Test worker] INFO  com.phonebook.utils.MyListener -- *********************************
12:47:01.079 [Test worker] INFO  com.phonebook.utils.MyListener -- The locator will find By.cssSelector: [href='/add']
12:47:01.079 [Test worker] INFO  com.phonebook.utils.MyListener -- *********************************
12:47:01.449 [Test worker] INFO  com.phonebook.utils.MyListener -- The locator is By.cssSelector: [href='/add']
12:47:01.449 [Test worker] INFO  com.phonebook.utils.MyListener -- *********************************
12:47:01.589 [Test worker] INFO  com.phonebook.utils.MyListener -- The locator will find By.cssSelector: input:nth-child(1)
12:47:01.589 [Test worker] INFO  com.phonebook.utils.MyListener -- *********************************
12:47:01.620 [Test worker] INFO  com.phonebook.utils.MyListener -- The locator is By.cssSelector: input:nth-child(1)
12:47:01.620 [Test worker] INFO  com.phonebook.utils.MyListener -- *********************************
12:47:01.729 [Test worker] INFO  com.phonebook.utils.MyListener -- The locator will find By.cssSelector: input:nth-child(1)
12:47:01.729 [Test worker] INFO  com.phonebook.utils.MyListener -- *********************************
12:47:01.755 [Test worker] INFO  com.phonebook.utils.MyListener -- The locator is By.cssSelector: input:nth-child(1)
12:47:01.756 [Test worker] INFO  com.phonebook.utils.MyListener -- *********************************
12:47:01.808 [Test worker] INFO  com.phonebook.utils.MyListener -- The locator will find By.cssSelector: input:nth-child(1)
12:47:01.809 [Test worker] INFO  com.phonebook.utils.MyListener -- *********************************
12:47:01.832 [Test worker] INFO  com.phonebook.utils.MyListener -- The locator is By.cssSelector: input:nth-child(1)
12:47:01.832 [Test worker] INFO  com.phonebook.utils.MyListener -- *********************************
12:47:01.892 [Test worker] INFO  com.phonebook.utils.MyListener -- The locator will find By.cssSelector: input:nth-child(2)
12:47:01.892 [Test worker] INFO  com.phonebook.utils.MyListener -- *********************************
12:47:01.918 [Test worker] INFO  com.phonebook.utils.MyListener -- The locator is By.cssSelector: input:nth-child(2)
12:47:01.918 [Test worker] INFO  com.phonebook.utils.MyListener -- *********************************
12:47:02.026 [Test worker] INFO  com.phonebook.utils.MyListener -- The locator will find By.cssSelector: input:nth-child(2)
12:47:02.026 [Test worker] INFO  com.phonebook.utils.MyListener -- *********************************
12:47:02.054 [Test worker] INFO  com.phonebook.utils.MyListener -- The locator is By.cssSelector: input:nth-child(2)
12:47:02.054 [Test worker] INFO  com.phonebook.utils.MyListener -- *********************************
12:47:02.101 [Test worker] INFO  com.phonebook.utils.MyListener -- The locator will find By.cssSelector: input:nth-child(2)
12:47:02.102 [Test worker] INFO  com.phonebook.utils.MyListener -- *********************************
12:47:02.130 [Test worker] INFO  com.phonebook.utils.MyListener -- The locator is By.cssSelector: input:nth-child(2)
12:47:02.130 [Test worker] INFO  com.phonebook.utils.MyListener -- *********************************
12:47:02.207 [Test worker] INFO  com.phonebook.utils.MyListener -- The locator will find By.cssSelector: input:nth-child(3)
12:47:02.208 [Test worker] INFO  com.phonebook.utils.MyListener -- *********************************
12:47:02.244 [Test worker] INFO  com.phonebook.utils.MyListener -- The locator is By.cssSelector: input:nth-child(3)
12:47:02.244 [Test worker] INFO  com.phonebook.utils.MyListener -- *********************************
12:47:02.360 [Test worker] INFO  com.phonebook.utils.MyListener -- The locator will find By.cssSelector: input:nth-child(3)
12:47:02.361 [Test worker] INFO  com.phonebook.utils.MyListener -- *********************************
12:47:02.387 [Test worker] INFO  com.phonebook.utils.MyListener -- The locator is By.cssSelector: input:nth-child(3)
12:47:02.388 [Test worker] INFO  com.phonebook.utils.MyListener -- *********************************
12:47:02.436 [Test worker] INFO  com.phonebook.utils.MyListener -- The locator will find By.cssSelector: input:nth-child(3)
12:47:02.436 [Test worker] INFO  com.phonebook.utils.MyListener -- *********************************
12:47:02.460 [Test worker] INFO  com.phonebook.utils.MyListener -- The locator is By.cssSelector: input:nth-child(3)
12:47:02.460 [Test worker] INFO  com.phonebook.utils.MyListener -- *********************************
12:47:02.538 [Test worker] INFO  com.phonebook.utils.MyListener -- The locator will find By.cssSelector: input:nth-child(4)
12:47:02.540 [Test worker] INFO  com.phonebook.utils.MyListener -- *********************************
12:47:02.566 [Test worker] INFO  com.phonebook.utils.MyListener -- The locator is By.cssSelector: input:nth-child(4)
12:47:02.566 [Test worker] INFO  com.phonebook.utils.MyListener -- *********************************
12:47:02.681 [Test worker] INFO  com.phonebook.utils.MyListener -- The locator will find By.cssSelector: input:nth-child(4)
12:47:02.681 [Test worker] INFO  com.phonebook.utils.MyListener -- *********************************
12:47:02.708 [Test worker] INFO  com.phonebook.utils.MyListener -- The locator is By.cssSelector: input:nth-child(4)
12:47:02.708 [Test worker] INFO  com.phonebook.utils.MyListener -- *********************************
12:47:02.766 [Test worker] INFO  com.phonebook.utils.MyListener -- The locator will find By.cssSelector: input:nth-child(4)
12:47:02.766 [Test worker] INFO  com.phonebook.utils.MyListener -- *********************************
12:47:02.791 [Test worker] INFO  com.phonebook.utils.MyListener -- The locator is By.cssSelector: input:nth-child(4)
12:47:02.791 [Test worker] INFO  com.phonebook.utils.MyListener -- *********************************
12:47:02.884 [Test worker] INFO  com.phonebook.utils.MyListener -- The locator will find By.cssSelector: input:nth-child(5)
12:47:02.884 [Test worker] INFO  com.phonebook.utils.MyListener -- *********************************
12:47:02.912 [Test worker] INFO  com.phonebook.utils.MyListener -- The locator is By.cssSelector: input:nth-child(5)
12:47:02.912 [Test worker] INFO  com.phonebook.utils.MyListener -- *********************************
12:47:03.039 [Test worker] INFO  com.phonebook.utils.MyListener -- The locator will find By.cssSelector: input:nth-child(5)
12:47:03.040 [Test worker] INFO  com.phonebook.utils.MyListener -- *********************************
12:47:03.069 [Test worker] INFO  com.phonebook.utils.MyListener -- The locator is By.cssSelector: input:nth-child(5)
12:47:03.070 [Test worker] INFO  com.phonebook.utils.MyListener -- *********************************
12:47:03.126 [Test worker] INFO  com.phonebook.utils.MyListener -- The locator will find By.cssSelector: input:nth-child(5)
12:47:03.127 [Test worker] INFO  com.phonebook.utils.MyListener -- *********************************
12:47:03.156 [Test worker] INFO  com.phonebook.utils.MyListener -- The locator is By.cssSelector: input:nth-child(5)
12:47:03.156 [Test worker] INFO  com.phonebook.utils.MyListener -- *********************************
12:47:03.337 [Test worker] INFO  com.phonebook.utils.MyListener -- The locator will find By.cssSelector: input:nth-child(6)
12:47:03.338 [Test worker] INFO  com.phonebook.utils.MyListener -- *********************************
12:47:03.371 [Test worker] INFO  com.phonebook.utils.MyListener -- The locator is By.cssSelector: input:nth-child(6)
12:47:03.372 [Test worker] INFO  com.phonebook.utils.MyListener -- *********************************
12:47:03.536 [Test worker] INFO  com.phonebook.utils.MyListener -- The locator will find By.cssSelector: input:nth-child(6)
12:47:03.548 [Test worker] INFO  com.phonebook.utils.MyListener -- *********************************
12:47:03.576 [Test worker] INFO  com.phonebook.utils.MyListener -- The locator is By.cssSelector: input:nth-child(6)
12:47:03.576 [Test worker] INFO  com.phonebook.utils.MyListener -- *********************************
12:47:03.630 [Test worker] INFO  com.phonebook.utils.MyListener -- The locator will find By.cssSelector: input:nth-child(6)
12:47:03.630 [Test worker] INFO  com.phonebook.utils.MyListener -- *********************************
12:47:03.656 [Test worker] INFO  com.phonebook.utils.MyListener -- The locator is By.cssSelector: input:nth-child(6)
12:47:03.656 [Test worker] INFO  com.phonebook.utils.MyListener -- *********************************
12:47:03.738 [Test worker] INFO  com.phonebook.utils.MyListener -- The locator will find By.cssSelector: .add_form__2rsm2 button
12:47:03.738 [Test worker] INFO  com.phonebook.utils.MyListener -- *********************************
12:47:03.765 [Test worker] INFO  com.phonebook.utils.MyListener -- The locator is By.cssSelector: .add_form__2rsm2 button
12:47:03.765 [Test worker] INFO  com.phonebook.utils.MyListener -- *********************************
12:47:03.864 [Test worker] INFO  com.phonebook.utils.MyListener -- Before Find ElementsBy.cssSelector: h2
12:47:03.864 [Test worker] INFO  com.phonebook.utils.MyListener -- *********************************
12:47:04.384 [Test worker] INFO  com.phonebook.utils.MyListener -- List size is 6
12:47:04.384 [Test worker] INFO  com.phonebook.utils.MyListener -- *********************************
12:47:04.506 [Test worker] INFO  com.phonebook.utils.MyListener -- The locator will find By.cssSelector: .contact-item_card__2SOIM
12:47:04.506 [Test worker] INFO  com.phonebook.utils.MyListener -- *********************************
12:47:04.534 [Test worker] INFO  com.phonebook.utils.MyListener -- The locator is By.cssSelector: .contact-item_card__2SOIM
12:47:04.534 [Test worker] INFO  com.phonebook.utils.MyListener -- *********************************
12:47:04.692 [Test worker] INFO  com.phonebook.utils.MyListener -- The locator will find By.xpath: //button[.='Remove']
12:47:04.693 [Test worker] INFO  com.phonebook.utils.MyListener -- *********************************
12:47:04.728 [Test worker] INFO  com.phonebook.utils.MyListener -- The locator is By.xpath: //button[.='Remove']
12:47:04.728 [Test worker] INFO  com.phonebook.utils.MyListener -- *********************************
12:47:04.882 [Test worker] INFO  com.phonebook.tests.TestBase -- PASSED: addContactPositiveTest
12:47:04.882 [Test worker] INFO  com.phonebook.tests.TestBase -- Stop test
12:47:04.882 [Test worker] INFO  com.phonebook.tests.TestBase -- =====================================================
]]></system-out>
  <system-err><![CDATA[]]></system-err>
</testsuite>
